11:50:01 - GET /get-tables?loc=655e2e7c5a3d53943c6b7c53 - Status: 304 - Response Time: 286ms
12:26:46 - POST /bill?index=21&billId=new - Status: 200 - Response Time: 365ms
12:34:08 - POST /bill?index=20&billId=new - Status: 200 - Response Time: 364ms
13:59:22 - POST /save-order - Status: 200 - Response Time: 1542ms
13:59:31 - GET /get-tables?loc=655e2e7c5a3d53943c6b7c53 - Status: 200 - Response Time: 284ms
13:59:46 - GET /get-time?orderId=65aa641807a2772f9a25a839 - Status: 200 - Response Time: 64ms
14:03:16 - POST /bill?index=54&billId=65aa641807a2772f9a25a839 - Status: 200 - Response Time: 144ms
14:04:06 - POST /save-order - Status: 200 - Response Time: 1412ms
14:04:10 - GET /get-tables?loc=655e2e7c5a3d53943c6b7c53 - Status: 200 - Response Time: 260ms
14:04:30 - GET /get-time?orderId=65aa653407a2772f9a25b697 - Status: 200 - Response Time: 66ms
14:07:09 - POST /save-order - Status: 200 - Response Time: 2760ms
14:07:10 - GET /get-tables?loc=655e2e7c5a3d53943c6b7c53 - Status: 200 - Response Time: 275ms
14:07:33 - GET /get-time?orderId=65aa65ea637b4580347d828a - Status: 200 - Response Time: 63ms
14:10:21 - GET /get-tables?loc=655e2e7c5a3d53943c6b7c53 - Status: 304 - Response Time: 296ms
14:10:22 - GET /get-tables?loc=655e2e7c5a3d53943c6b7c53 - Status: 304 - Response Time: 431ms
14:12:03 - GET /get-tables?loc=655e2e7c5a3d53943c6b7c53 - Status: 304 - Response Time: 257ms
14:12:04 - GET /get-tables?loc=655e2e7c5a3d53943c6b7c53 - Status: 304 - Response Time: 273ms
15:55:32 - POST /bill?index=54&billId=65aa653407a2772f9a25b697 - Status: 200 - Response Time: 2532ms
15:59:51 - GET /get-tables?loc=655e2e7c5a3d53943c6b7c53 - Status: 200 - Response Time: 283ms
16:04:15 - GET /get-user-orders?userId=64ac67f274937927c7aa9c05 - Status: 304 - Response Time: 72ms
16:04:16 - GET /get-user-orders?userId=64ac67f274937927c7aa9c05 - Status: 304 - Response Time: 64ms
16:04:18 - GET /get-tables?loc=655e2e7c5a3d53943c6b7c53 - Status: 200 - Response Time: 489ms
16:08:54 - GET /get-tables?loc=655e2e7c5a3d53943c6b7c53 - Status: 304 - Response Time: 637ms
16:08:55 - GET /get-tables?loc=655e2e7c5a3d53943c6b7c53 - Status: 304 - Response Time: 604ms
16:11:38 - GET /get-tables?loc=655e2e7c5a3d53943c6b7c53 - Status: 304 - Response Time: 280ms
16:11:38 - GET /get-tables?loc=655e2e7c5a3d53943c6b7c53 - Status: 304 - Response Time: 345ms
16:11:50 - GET /get-tables?loc=655e2e7c5a3d53943c6b7c53 - Status: 304 - Response Time: 313ms
16:12:17 - POST /register-del-prod - Status: 200 - Response Time: 89ms
16:12:17 - POST /upload-ings?loc=655e2e7c5a3d53943c6b7c53 - Status: 200 - Response Time: 1ms
16:12:17 - POST /upload-ings?loc=655e2e7c5a3d53943c6b7c53 - Status: 200 - Response Time: 1ms
16:12:17 - PUT /bill - Status: 200 - Response Time: 130ms
16:12:19 - GET /get-tables?loc=655e2e7c5a3d53943c6b7c53 - Status: 200 - Response Time: 290ms
16:12:23 - POST /bill?index=54&billId=65aa65ea637b4580347d828a - Status: 200 - Response Time: 160ms
16:12:41 - POST /register-del-prod - Status: 200 - Response Time: 82ms
16:12:41 - PUT /bill - Status: 200 - Response Time: 137ms
16:12:46 - GET /get-tables?loc=655e2e7c5a3d53943c6b7c53 - Status: 200 - Response Time: 261ms
16:12:57 - POST /register-del-prod - Status: 200 - Response Time: 69ms
16:12:57 - POST /register-del-prod - Status: 200 - Response Time: 71ms
16:12:57 - POST /upload-ings?loc=655e2e7c5a3d53943c6b7c53 - Status: 200 - Response Time: 0ms
16:12:57 - POST /upload-ings?loc=655e2e7c5a3d53943c6b7c53 - Status: 200 - Response Time: 0ms
16:12:57 - POST /register-del-prod - Status: 200 - Response Time: 76ms
16:12:57 - POST /register-del-prod - Status: 200 - Response Time: 71ms
16:12:57 - POST /upload-ings?loc=655e2e7c5a3d53943c6b7c53 - Status: 200 - Response Time: 0ms
16:12:57 - POST /upload-ings?loc=655e2e7c5a3d53943c6b7c53 - Status: 200 - Response Time: 1ms
16:12:57 - POST /upload-ings?loc=655e2e7c5a3d53943c6b7c53 - Status: 200 - Response Time: 1ms
16:12:57 - PUT /bill - Status: 200 - Response Time: 133ms
16:12:58 - GET /get-tables?loc=655e2e7c5a3d53943c6b7c53 - Status: 200 - Response Time: 268ms
16:13:01 - POST /bill?index=54&billId=65aa641807a2772f9a25a839 - Status: 200 - Response Time: 163ms
16:13:03 - GET /get-tables?loc=655e2e7c5a3d53943c6b7c53 - Status: 200 - Response Time: 263ms
16:13:11 - GET /get-tables?loc=655e2e7c5a3d53943c6b7c53 - Status: 304 - Response Time: 266ms
16:13:17 - POST /bill?index=54&billId=65aa641807a2772f9a25a839 - Status: 200 - Response Time: 138ms
16:13:20 - GET /get-tables?loc=655e2e7c5a3d53943c6b7c53 - Status: 200 - Response Time: 322ms
16:13:27 - POST /register-del-prod - Status: 200 - Response Time: 69ms
16:13:27 - PUT /bill - Status: 200 - Response Time: 124ms
16:13:28 - GET /get-tables?loc=655e2e7c5a3d53943c6b7c53 - Status: 200 - Response Time: 262ms
16:13:31 - GET /get-tables?loc=655e2e7c5a3d53943c6b7c53 - Status: 304 - Response Time: 256ms
16:14:16 - POST /save-order - Status: 200 - Response Time: 1924ms
16:14:21 - GET /get-tables?loc=655e2e7c5a3d53943c6b7c53 - Status: 200 - Response Time: 267ms
16:14:41 - GET /get-time?orderId=65aa83b6f1eb2d498950b1f6 - Status: 200 - Response Time: 61ms
16:25:35 - POST /bill?index=54&billId=65aa83b6f1eb2d498950b1f6 - Status: 200 - Response Time: 186ms
16:25:54 - POST /bill?index=54&billId=65aa83b6f1eb2d498950b1f6 - Status: 200 - Response Time: 132ms
16:26:04 - POST /bill?index=54&billId=65aa83b6f1eb2d498950b1f6 - Status: 200 - Response Time: 145ms
16:26:55 - GET /get-tables?loc=655e2e7c5a3d53943c6b7c53 - Status: 200 - Response Time: 294ms
16:26:55 - GET /get-tables?loc=655e2e7c5a3d53943c6b7c53 - Status: 304 - Response Time: 211ms
16:26:57 - POST /bill?index=54&billId=65aa83b6f1eb2d498950b1f6 - Status: 200 - Response Time: 153ms
17:01:57 - GET /get-tables?loc=655e2e7c5a3d53943c6b7c53 - Status: 200 - Response Time: 302ms
17:02:03 - POST /register-del-prod - Status: 200 - Response Time: 69ms
17:02:03 - POST /register-del-prod - Status: 200 - Response Time: 75ms
17:02:03 - POST /register-del-prod - Status: 200 - Response Time: 105ms
17:02:03 - PUT /bill - Status: 200 - Response Time: 133ms
17:02:05 - GET /get-tables?loc=655e2e7c5a3d53943c6b7c53 - Status: 200 - Response Time: 281ms
17:03:14 - POST /save-order - Status: 200 - Response Time: 2845ms
17:03:17 - GET /get-tables?loc=655e2e7c5a3d53943c6b7c53 - Status: 200 - Response Time: 279ms
17:03:27 - POST /bill?index=54&billId=65aa8f2f28b33c68e79a0561 - Status: 200 - Response Time: 172ms
17:03:39 - GET /get-time?orderId=65aa8f2f28b33c68e79a0561 - Status: 200 - Response Time: 60ms
17:05:17 - GET /get-tables?loc=655e2e7c5a3d53943c6b7c53 - Status: 200 - Response Time: 287ms
17:06:13 - POST /save-order - Status: 200 - Response Time: 1515ms
17:06:15 - GET /get-tables?loc=655e2e7c5a3d53943c6b7c53 - Status: 200 - Response Time: 269ms
17:06:38 - GET /get-time?orderId=65aa8fe4f9cc7fb815f8dfe6 - Status: 200 - Response Time: 62ms
17:06:45 - POST /bill?index=54&billId=65aa8fe4f9cc7fb815f8dfe6 - Status: 200 - Response Time: 170ms
17:07:07 - GET /get-tables?loc=655e2e7c5a3d53943c6b7c53 - Status: 200 - Response Time: 264ms
17:07:24 - GET /get-tables?loc=655e2e7c5a3d53943c6b7c53 - Status: 304 - Response Time: 272ms
17:12:10 - POST /bill?index=28&billId=new - Status: 200 - Response Time: 598ms
17:12:28 - GET /get-tables?loc=655e2e7c5a3d53943c6b7c53 - Status: 200 - Response Time: 280ms
17:13:34 - POST /bill?index=54&billId=65aa8fe4f9cc7fb815f8dfe6 - Status: 200 - Response Time: 141ms
17:13:45 - POST /bill?index=54&billId=65aa8fe4f9cc7fb815f8dfe6 - Status: 200 - Response Time: 143ms
17:14:20 - POST /bill?index=54&billId=65aa8fe4f9cc7fb815f8dfe6 - Status: 200 - Response Time: 137ms
17:14:25 - POST /register-del-prod - Status: 200 - Response Time: 76ms
17:14:25 - POST /register-del-prod - Status: 200 - Response Time: 70ms
17:14:25 - POST /register-del-prod - Status: 200 - Response Time: 72ms
17:14:25 - POST /register-del-prod - Status: 200 - Response Time: 74ms
17:14:25 - PUT /bill - Status: 200 - Response Time: 127ms
17:14:25 - POST /register-del-prod - Status: 200 - Response Time: 602ms
17:14:25 - POST /register-del-prod - Status: 200 - Response Time: 614ms
17:14:27 - GET /get-tables?loc=655e2e7c5a3d53943c6b7c53 - Status: 200 - Response Time: 263ms
17:16:20 - POST /save-order - Status: 200 - Response Time: 1745ms
17:16:32 - GET /get-tables?loc=655e2e7c5a3d53943c6b7c53 - Status: 200 - Response Time: 265ms
17:16:36 - POST /bill?index=54&billId=65aa9243f9cc7fb815f911e5 - Status: 200 - Response Time: 139ms
17:16:45 - GET /get-time?orderId=65aa9243f9cc7fb815f911e5 - Status: 200 - Response Time: 59ms
17:17:16 - POST /bill?index=54&billId=65aa9243f9cc7fb815f911e5 - Status: 200 - Response Time: 396ms
17:17:41 - POST /bill?index=54&billId=65aa9243f9cc7fb815f911e5 - Status: 200 - Response Time: 189ms
17:20:55 - GET /get-tables?loc=655e2e7c5a3d53943c6b7c53 - Status: 200 - Response Time: 258ms
17:20:55 - GET /get-tables?loc=655e2e7c5a3d53943c6b7c53 - Status: 304 - Response Time: 200ms
17:21:50 - POST /save-order - Status: 200 - Response Time: 1557ms
17:21:55 - GET /get-tables?loc=655e2e7c5a3d53943c6b7c53 - Status: 200 - Response Time: 314ms
17:22:04 - POST /bill?index=54&billId=65aa938cf9cc7fb815f92f9c - Status: 200 - Response Time: 687ms
17:22:15 - GET /get-time?orderId=65aa938cf9cc7fb815f92f9c - Status: 200 - Response Time: 158ms
17:24:54 - GET /get-tables?loc=655e2e7c5a3d53943c6b7c53 - Status: 200 - Response Time: 275ms
17:24:55 - GET /get-tables?loc=655e2e7c5a3d53943c6b7c53 - Status: 304 - Response Time: 223ms
17:25:23 - POST /save-order - Status: 200 - Response Time: 1486ms
17:25:30 - GET /get-tables?loc=655e2e7c5a3d53943c6b7c53 - Status: 200 - Response Time: 419ms
17:25:39 - POST /bill?index=54&billId=65aa9462f9cc7fb815f94d73 - Status: 200 - Response Time: 135ms
17:25:48 - GET /get-time?orderId=65aa9462f9cc7fb815f94d73 - Status: 200 - Response Time: 60ms
17:26:44 - GET /get-tables?loc=655e2e7c5a3d53943c6b7c53 - Status: 200 - Response Time: 486ms
17:26:44 - GET /get-tables?loc=655e2e7c5a3d53943c6b7c53 - Status: 304 - Response Time: 497ms
17:27:18 - POST /save-order - Status: 200 - Response Time: 2669ms
17:27:18 - GET /get-tables?loc=655e2e7c5a3d53943c6b7c53 - Status: 200 - Response Time: 329ms
17:27:27 - POST /bill?index=54&billId=65aa94d3f9cc7fb815f968a6 - Status: 200 - Response Time: 153ms
17:27:43 - GET /get-time?orderId=65aa94d3f9cc7fb815f968a6 - Status: 200 - Response Time: 63ms
17:29:14 - POST /bill?index=19&billId=65aa1686c8a4e393825db353 - Status: 200 - Response Time: 128ms
17:35:41 - POST /save-order - Status: 200 - Response Time: 3253ms
17:35:52 - GET /get-tables?loc=655e2e7c5a3d53943c6b7c53 - Status: 200 - Response Time: 578ms
17:36:06 - GET /get-time?orderId=65aa96caf9cc7fb815f97dee - Status: 200 - Response Time: 145ms
17:36:14 - POST /bill?index=54&billId=65aa96caf9cc7fb815f97dee - Status: 200 - Response Time: 1216ms
17:41:40 - POST /register-del-prod - Status: 200 - Response Time: 81ms
17:41:40 - POST /register-del-prod - Status: 200 - Response Time: 75ms
17:41:40 - POST /register-del-prod - Status: 200 - Response Time: 75ms
17:41:40 - PUT /bill - Status: 200 - Response Time: 139ms
17:41:51 - POST /register-del-prod - Status: 200 - Response Time: 76ms
17:41:51 - PUT /bill - Status: 200 - Response Time: 126ms
17:42:05 - POST /register-del-prod - Status: 200 - Response Time: 75ms
17:42:05 - POST /register-del-prod - Status: 200 - Response Time: 74ms
17:42:05 - POST /register-del-prod - Status: 200 - Response Time: 77ms
17:42:05 - POST /register-del-prod - Status: 200 - Response Time: 83ms
17:42:05 - PUT /bill - Status: 200 - Response Time: 126ms
17:42:12 - POST /register-del-prod - Status: 200 - Response Time: 71ms
17:42:12 - PUT /bill - Status: 200 - Response Time: 131ms
17:42:14 - GET /get-tables?loc=655e2e7c5a3d53943c6b7c53 - Status: 200 - Response Time: 267ms
17:42:21 - POST /register-del-prod - Status: 200 - Response Time: 77ms
17:42:21 - POST /register-del-prod - Status: 200 - Response Time: 76ms
17:42:21 - POST /register-del-prod - Status: 200 - Response Time: 81ms
17:42:21 - POST /register-del-prod - Status: 200 - Response Time: 78ms
17:42:21 - POST /register-del-prod - Status: 200 - Response Time: 77ms
17:42:21 - POST /register-del-prod - Status: 200 - Response Time: 85ms
17:42:21 - PUT /bill - Status: 200 - Response Time: 123ms
17:42:22 - GET /get-tables?loc=655e2e7c5a3d53943c6b7c53 - Status: 200 - Response Time: 257ms
17:43:00 - POST /save-order - Status: 200 - Response Time: 1521ms
17:43:07 - GET /get-tables?loc=655e2e7c5a3d53943c6b7c53 - Status: 200 - Response Time: 258ms
17:43:10 - POST /bill?index=54&billId=65aa9883f9cc7fb815f9abd8 - Status: 200 - Response Time: 141ms
17:43:25 - GET /get-time?orderId=65aa9883f9cc7fb815f9abd8 - Status: 200 - Response Time: 60ms
17:43:55 - GET /get-tables?loc=655e2e7c5a3d53943c6b7c53 - Status: 200 - Response Time: 481ms
17:43:55 - GET /get-tables?loc=655e2e7c5a3d53943c6b7c53 - Status: 304 - Response Time: 269ms
17:44:17 - POST /register-del-prod - Status: 200 - Response Time: 569ms
17:44:17 - POST /register-del-prod - Status: 200 - Response Time: 563ms
17:44:17 - PUT /bill - Status: 200 - Response Time: 562ms
17:44:18 - GET /get-tables?loc=655e2e7c5a3d53943c6b7c53 - Status: 200 - Response Time: 272ms
17:45:34 - GET /get-tables?loc=655e2e7c5a3d53943c6b7c53 - Status: 304 - Response Time: 266ms
17:49:27 - POST /save-order - Status: 200 - Response Time: 1743ms
17:49:29 - GET /get-tables?loc=655e2e7c5a3d53943c6b7c53 - Status: 200 - Response Time: 359ms
17:49:37 - POST /bill?index=54&billId=65aa9a05f9cc7fb815f9d78d - Status: 200 - Response Time: 155ms
17:49:51 - GET /get-time?orderId=65aa9a05f9cc7fb815f9d78d - Status: 200 - Response Time: 68ms
19:06:50 - GET /get-tables?loc=655e2e7c5a3d53943c6b7c53 - Status: 200 - Response Time: 269ms
19:06:50 - POST /save-order - Status: 200 - Response Time: 1624ms
19:07:00 - POST /bill?index=54&billId=65aaac29f9cc7fb815facdd9 - Status: 200 - Response Time: 754ms
19:07:15 - GET /get-time?orderId=65aaac29f9cc7fb815facdd9 - Status: 200 - Response Time: 62ms
19:09:14 - GET /get-tables?loc=655e2e7c5a3d53943c6b7c53 - Status: 200 - Response Time: 270ms
19:09:14 - GET /get-tables?loc=655e2e7c5a3d53943c6b7c53 - Status: 304 - Response Time: 492ms
19:10:03 - POST /save-order - Status: 200 - Response Time: 1805ms
19:10:09 - GET /get-tables?loc=655e2e7c5a3d53943c6b7c53 - Status: 200 - Response Time: 404ms
19:10:27 - GET /get-time?orderId=65aaace9f9cc7fb815faec57 - Status: 200 - Response Time: 65ms
19:10:38 - POST /bill?index=54&billId=65aaace9f9cc7fb815faec57 - Status: 200 - Response Time: 155ms
19:10:54 - GET /get-tables?loc=655e2e7c5a3d53943c6b7c53 - Status: 200 - Response Time: 446ms
19:10:54 - GET /get-tables?loc=655e2e7c5a3d53943c6b7c53 - Status: 304 - Response Time: 450ms
19:20:23 - GET /get-tables?loc=655e2e7c5a3d53943c6b7c53 - Status: 304 - Response Time: 579ms
19:20:24 - GET /get-tables?loc=655e2e7c5a3d53943c6b7c53 - Status: 304 - Response Time: 455ms
19:20:41 - POST /save-order - Status: 200 - Response Time: 1592ms
19:20:43 - GET /get-tables?loc=655e2e7c5a3d53943c6b7c53 - Status: 200 - Response Time: 396ms
19:20:50 - POST /bill?index=54&billId=65aaaf67f9cc7fb815fb1b6a - Status: 200 - Response Time: 134ms
19:21:06 - GET /get-time?orderId=65aaaf67f9cc7fb815fb1b6a - Status: 200 - Response Time: 61ms
19:22:41 - GET /get-tables?loc=655e2e7c5a3d53943c6b7c53 - Status: 200 - Response Time: 349ms
19:22:42 - GET /get-tables?loc=655e2e7c5a3d53943c6b7c53 - Status: 200 - Response Time: 524ms
19:22:42 - GET /get-tables?loc=655e2e7c5a3d53943c6b7c53 - Status: 304 - Response Time: 287ms
19:24:06 - GET /get-tables?loc=655e2e7c5a3d53943c6b7c53 - Status: 304 - Response Time: 415ms
19:24:06 - GET /get-tables?loc=655e2e7c5a3d53943c6b7c53 - Status: 304 - Response Time: 209ms
19:27:33 - GET /get-tables?loc=655e2e7c5a3d53943c6b7c53 - Status: 304 - Response Time: 366ms
19:27:36 - POST /save-order - Status: 200 - Response Time: 1564ms
19:27:38 - GET /get-tables?loc=655e2e7c5a3d53943c6b7c53 - Status: 200 - Response Time: 398ms
19:27:48 - POST /bill?index=54&billId=65aab106f9cc7fb815fb601b - Status: 200 - Response Time: 143ms
19:28:00 - GET /get-time?orderId=65aab106f9cc7fb815fb601b - Status: 200 - Response Time: 61ms
19:34:49 - POST /save-order - Status: 404 - Response Time: 95ms
19:34:51 - GET /get-tables?loc=655e2e7c5a3d53943c6b7c53 - Status: 200 - Response Time: 329ms
19:34:53 - GET /get-tables?loc=655e2e7c5a3d53943c6b7c53 - Status: 304 - Response Time: 330ms
19:35:00 - GET /get-tables?loc=655e2e7c5a3d53943c6b7c53 - Status: 304 - Response Time: 333ms
19:35:59 - POST /save-order - Status: 404 - Response Time: 75ms
19:36:11 - POST /save-order - Status: 404 - Response Time: 105ms
19:51:05 - POST /save-order - Status: 200 - Response Time: 1592ms
19:51:13 - GET /get-tables?loc=655e2e7c5a3d53943c6b7c53 - Status: 200 - Response Time: 425ms
19:51:30 - GET /get-time?orderId=65aab688b53aee3f271acb42 - Status: 200 - Response Time: 70ms
19:51:48 - POST /bill?index=54&billId=65aab688b53aee3f271acb42 - Status: 200 - Response Time: 143ms
19:52:03 - POST /bill?index=54&billId=65aab688b53aee3f271acb42 - Status: 200 - Response Time: 169ms
20:00:31 - GET /get-tables?loc=655e2e7c5a3d53943c6b7c53 - Status: 200 - Response Time: 335ms
20:00:32 - GET /get-tables?loc=655e2e7c5a3d53943c6b7c53 - Status: 304 - Response Time: 356ms
20:00:56 - GET /get-tables?loc=655e2e7c5a3d53943c6b7c53 - Status: 304 - Response Time: 343ms
20:00:57 - GET /get-tables?loc=655e2e7c5a3d53943c6b7c53 - Status: 304 - Response Time: 392ms
20:01:13 - GET /get-tables?loc=655e2e7c5a3d53943c6b7c53 - Status: 304 - Response Time: 329ms
20:01:13 - GET /get-tables?loc=655e2e7c5a3d53943c6b7c53 - Status: 304 - Response Time: 321ms
20:01:21 - POST /register-del-prod - Status: 200 - Response Time: 86ms
20:01:21 - POST /register-del-prod - Status: 200 - Response Time: 73ms
20:01:21 - PUT /bill - Status: 200 - Response Time: 126ms
20:01:28 - POST /register-del-prod - Status: 200 - Response Time: 77ms
20:01:28 - POST /register-del-prod - Status: 200 - Response Time: 73ms
20:01:28 - POST /register-del-prod - Status: 200 - Response Time: 77ms
20:01:28 - POST /register-del-prod - Status: 200 - Response Time: 74ms
20:01:28 - POST /upload-ings?loc=655e2e7c5a3d53943c6b7c53 - Status: 200 - Response Time: 1ms
20:01:28 - POST /upload-ings?loc=655e2e7c5a3d53943c6b7c53 - Status: 200 - Response Time: 1ms
20:01:28 - POST /register-del-prod - Status: 200 - Response Time: 72ms
20:01:28 - POST /upload-ings?loc=655e2e7c5a3d53943c6b7c53 - Status: 200 - Response Time: 0ms
20:01:28 - POST /upload-ings?loc=655e2e7c5a3d53943c6b7c53 - Status: 200 - Response Time: 1ms
20:01:28 - POST /register-del-prod - Status: 200 - Response Time: 72ms
20:01:28 - POST /upload-ings?loc=655e2e7c5a3d53943c6b7c53 - Status: 200 - Response Time: 0ms
20:01:28 - POST /upload-ings?loc=655e2e7c5a3d53943c6b7c53 - Status: 200 - Response Time: 0ms
20:01:29 - POST /upload-ings?loc=655e2e7c5a3d53943c6b7c53 - Status: 200 - Response Time: 1ms
20:01:29 - POST /upload-ings?loc=655e2e7c5a3d53943c6b7c53 - Status: 200 - Response Time: 0ms
20:01:29 - POST /register-del-prod - Status: 200 - Response Time: 76ms
20:01:29 - POST /upload-ings?loc=655e2e7c5a3d53943c6b7c53 - Status: 200 - Response Time: 0ms
20:01:29 - PUT /bill - Status: 200 - Response Time: 167ms
20:01:39 - POST /register-del-prod - Status: 200 - Response Time: 71ms
20:01:39 - POST /register-del-prod - Status: 200 - Response Time: 71ms
20:01:39 - POST /register-del-prod - Status: 200 - Response Time: 72ms
20:01:39 - POST /register-del-prod - Status: 200 - Response Time: 68ms
20:01:39 - PUT /bill - Status: 200 - Response Time: 129ms
20:01:45 - GET /get-tables?loc=655e2e7c5a3d53943c6b7c53 - Status: 200 - Response Time: 418ms
20:01:48 - POST /bill?index=54&billId=65aaac29f9cc7fb815facdd9 - Status: 200 - Response Time: 141ms
20:01:53 - POST /register-del-prod - Status: 200 - Response Time: 71ms
20:01:53 - POST /register-del-prod - Status: 200 - Response Time: 70ms
20:01:53 - POST /register-del-prod - Status: 200 - Response Time: 72ms
20:01:53 - POST /register-del-prod - Status: 200 - Response Time: 70ms
20:01:53 - POST /register-del-prod - Status: 200 - Response Time: 68ms
20:01:53 - POST /register-del-prod - Status: 200 - Response Time: 68ms
20:01:53 - PUT /bill - Status: 200 - Response Time: 126ms
20:01:54 - GET /get-tables?loc=655e2e7c5a3d53943c6b7c53 - Status: 200 - Response Time: 328ms
20:01:56 - POST /bill?index=54&billId=65aaaf67f9cc7fb815fb1b6a - Status: 200 - Response Time: 130ms
20:02:02 - POST /register-del-prod - Status: 200 - Response Time: 70ms
20:02:02 - POST /register-del-prod - Status: 200 - Response Time: 67ms
20:02:02 - POST /register-del-prod - Status: 200 - Response Time: 69ms
20:02:02 - PUT /bill - Status: 200 - Response Time: 132ms
20:02:07 - GET /get-tables?loc=655e2e7c5a3d53943c6b7c53 - Status: 200 - Response Time: 268ms
20:02:13 - POST /register-del-prod - Status: 200 - Response Time: 78ms
20:02:13 - POST /register-del-prod - Status: 200 - Response Time: 73ms
20:02:13 - POST /register-del-prod - Status: 200 - Response Time: 76ms
20:02:13 - POST /register-del-prod - Status: 200 - Response Time: 74ms
20:02:13 - POST /register-del-prod - Status: 200 - Response Time: 72ms
20:02:13 - PUT /bill - Status: 200 - Response Time: 130ms
20:02:15 - GET /get-tables?loc=655e2e7c5a3d53943c6b7c53 - Status: 200 - Response Time: 257ms
20:03:50 - POST /save-order - Status: 200 - Response Time: 1572ms
20:03:53 - GET /get-tables?loc=655e2e7c5a3d53943c6b7c53 - Status: 200 - Response Time: 265ms
20:04:15 - GET /get-time?orderId=65aab984b53aee3f271b3283 - Status: 200 - Response Time: 64ms
20:05:28 - GET /get-tables?loc=655e2e7c5a3d53943c6b7c53 - Status: 304 - Response Time: 267ms
20:05:29 - GET /get-tables?loc=655e2e7c5a3d53943c6b7c53 - Status: 304 - Response Time: 390ms
20:05:33 - GET /get-tables?loc=655e2e7c5a3d53943c6b7c53 - Status: 304 - Response Time: 269ms
20:05:33 - GET /get-tables?loc=655e2e7c5a3d53943c6b7c53 - Status: 304 - Response Time: 284ms
20:05:35 - POST /bill?index=54&billId=65aab984b53aee3f271b3283 - Status: 200 - Response Time: 144ms
20:05:44 - POST /register-del-prod - Status: 200 - Response Time: 74ms
20:05:44 - POST /register-del-prod - Status: 200 - Response Time: 69ms
20:05:44 - POST /register-del-prod - Status: 200 - Response Time: 72ms
20:05:44 - POST /register-del-prod - Status: 200 - Response Time: 76ms
20:05:44 - POST /register-del-prod - Status: 200 - Response Time: 75ms
20:05:44 - PUT /bill - Status: 200 - Response Time: 126ms
20:05:49 - GET /get-tables?loc=655e2e7c5a3d53943c6b7c53 - Status: 200 - Response Time: 265ms
20:06:41 - POST /save-order - Status: 200 - Response Time: 1893ms
20:06:44 - GET /get-tables?loc=655e2e7c5a3d53943c6b7c53 - Status: 200 - Response Time: 265ms
20:06:48 - POST /bill?index=54&billId=65aaba2fb53aee3f271b67a7 - Status: 200 - Response Time: 163ms
20:07:06 - GET /get-time?orderId=65aaba2fb53aee3f271b67a7 - Status: 200 - Response Time: 64ms
20:07:29 - POST /bill?index=54&billId=65aaba2fb53aee3f271b67a7 - Status: 200 - Response Time: 166ms
20:07:54 - POST /bill?index=54&billId=65aaba2fb53aee3f271b67a7 - Status: 200 - Response Time: 145ms
20:11:24 - GET /get-tables?loc=655e2e7c5a3d53943c6b7c53 - Status: 200 - Response Time: 274ms
20:11:24 - GET /get-tables?loc=655e2e7c5a3d53943c6b7c53 - Status: 304 - Response Time: 259ms
20:11:51 - GET /get-tables?loc=655e2e7c5a3d53943c6b7c53 - Status: 304 - Response Time: 331ms
20:11:51 - GET /get-tables?loc=655e2e7c5a3d53943c6b7c53 - Status: 304 - Response Time: 282ms
20:15:06 - GET /get-tables?loc=655e2e7c5a3d53943c6b7c53 - Status: 304 - Response Time: 273ms
20:15:06 - GET /get-tables?loc=655e2e7c5a3d53943c6b7c53 - Status: 304 - Response Time: 321ms
20:16:21 - GET /get-tables?loc=655e2e7c5a3d53943c6b7c53 - Status: 304 - Response Time: 323ms
20:16:21 - GET /get-tables?loc=655e2e7c5a3d53943c6b7c53 - Status: 304 - Response Time: 260ms
20:18:08 - GET /get-tables?loc=655e2e7c5a3d53943c6b7c53 - Status: 304 - Response Time: 318ms
20:18:08 - GET /get-tables?loc=655e2e7c5a3d53943c6b7c53 - Status: 304 - Response Time: 309ms
20:18:15 - POST /register-del-prod - Status: 200 - Response Time: 103ms
20:18:15 - POST /register-del-prod - Status: 200 - Response Time: 109ms
20:18:15 - POST /register-del-prod - Status: 200 - Response Time: 100ms
20:18:15 - POST /register-del-prod - Status: 200 - Response Time: 105ms
20:18:15 - POST /register-del-prod - Status: 200 - Response Time: 99ms
20:18:15 - POST /register-del-prod - Status: 200 - Response Time: 107ms
20:18:15 - POST /register-del-prod - Status: 200 - Response Time: 72ms
20:18:15 - POST /register-del-prod - Status: 200 - Response Time: 69ms
20:18:15 - POST /register-del-prod - Status: 200 - Response Time: 67ms
20:18:15 - PUT /bill - Status: 200 - Response Time: 133ms
20:18:17 - GET /get-tables?loc=655e2e7c5a3d53943c6b7c53 - Status: 200 - Response Time: 263ms
20:19:08 - POST /save-order - Status: 200 - Response Time: 1449ms
20:19:15 - GET /get-tables?loc=655e2e7c5a3d53943c6b7c53 - Status: 200 - Response Time: 273ms
20:19:22 - POST /bill?index=54&billId=65aabd1bb53aee3f271bca47 - Status: 200 - Response Time: 151ms
20:19:33 - GET /get-time?orderId=65aabd1bb53aee3f271bca47 - Status: 200 - Response Time: 64ms
20:19:47 - POST /bill?index=54&billId=65aabd1bb53aee3f271bca47 - Status: 200 - Response Time: 163ms
20:20:18 - POST /bill?index=54&billId=65aabd1bb53aee3f271bca47 - Status: 200 - Response Time: 170ms
20:21:26 - GET /get-tables?loc=655e2e7c5a3d53943c6b7c53 - Status: 200 - Response Time: 272ms
20:21:26 - GET /get-tables?loc=655e2e7c5a3d53943c6b7c53 - Status: 304 - Response Time: 322ms
20:21:53 - GET /get-tables?loc=655e2e7c5a3d53943c6b7c53 - Status: 304 - Response Time: 336ms
20:21:53 - GET /get-tables?loc=655e2e7c5a3d53943c6b7c53 - Status: 304 - Response Time: 262ms
20:26:48 - GET /get-tables?loc=655e2e7c5a3d53943c6b7c53 - Status: 304 - Response Time: 272ms
20:26:48 - GET /get-tables?loc=655e2e7c5a3d53943c6b7c53 - Status: 304 - Response Time: 261ms
20:29:35 - GET /get-tables?loc=655e2e7c5a3d53943c6b7c53 - Status: 304 - Response Time: 329ms
20:29:35 - GET /get-tables?loc=655e2e7c5a3d53943c6b7c53 - Status: 304 - Response Time: 274ms
20:33:14 - GET /get-tables?loc=655e2e7c5a3d53943c6b7c53 - Status: 304 - Response Time: 326ms
20:33:14 - GET /get-tables?loc=655e2e7c5a3d53943c6b7c53 - Status: 304 - Response Time: 338ms
20:33:37 - GET /get-tables?loc=655e2e7c5a3d53943c6b7c53 - Status: 304 - Response Time: 381ms
20:33:38 - GET /get-tables?loc=655e2e7c5a3d53943c6b7c53 - Status: 304 - Response Time: 201ms
20:33:46 - POST /bill?index=54&billId=65aabd1bb53aee3f271bca47 - Status: 200 - Response Time: 160ms
20:34:22 - GET /get-tables?loc=655e2e7c5a3d53943c6b7c53 - Status: 200 - Response Time: 261ms
20:34:23 - GET /get-tables?loc=655e2e7c5a3d53943c6b7c53 - Status: 304 - Response Time: 270ms
20:34:38 - POST /bill?index=54&billId=65aabd1bb53aee3f271bca47 - Status: 200 - Response Time: 249ms
20:35:24 - GET /get-tables?loc=655e2e7c5a3d53943c6b7c53 - Status: 200 - Response Time: 363ms
20:35:24 - GET /get-tables?loc=655e2e7c5a3d53943c6b7c53 - Status: 304 - Response Time: 262ms
20:35:30 - GET /get-tables?loc=655e2e7c5a3d53943c6b7c53 - Status: 304 - Response Time: 320ms
20:35:30 - GET /get-tables?loc=655e2e7c5a3d53943c6b7c53 - Status: 304 - Response Time: 271ms
20:35:31 - POST /bill?index=54&billId=65aabd1bb53aee3f271bca47 - Status: 200 - Response Time: 145ms
20:35:42 - POST /bill?index=54&billId=65aabd1bb53aee3f271bca47 - Status: 200 - Response Time: 167ms
20:35:50 - POST /bill?index=54&billId=65aabd1bb53aee3f271bca47 - Status: 200 - Response Time: 152ms
20:36:49 - GET /get-tables?loc=655e2e7c5a3d53943c6b7c53 - Status: 200 - Response Time: 331ms
20:36:49 - GET /get-tables?loc=655e2e7c5a3d53943c6b7c53 - Status: 304 - Response Time: 434ms
20:36:54 - POST /bill?index=54&billId=65aabd1bb53aee3f271bca47 - Status: 200 - Response Time: 139ms
20:40:42 - GET /get-tables?loc=655e2e7c5a3d53943c6b7c53 - Status: 200 - Response Time: 271ms
20:40:43 - GET /get-tables?loc=655e2e7c5a3d53943c6b7c53 - Status: 304 - Response Time: 265ms
20:43:26 - GET /get-tables?loc=655e2e7c5a3d53943c6b7c53 - Status: 304 - Response Time: 333ms
20:43:26 - GET /get-tables?loc=655e2e7c5a3d53943c6b7c53 - Status: 304 - Response Time: 352ms
20:43:29 - POST /bill?index=54&billId=65aabd1bb53aee3f271bca47 - Status: 200 - Response Time: 166ms
20:44:05 - GET /get-tables?loc=655e2e7c5a3d53943c6b7c53 - Status: 200 - Response Time: 271ms
20:44:29 - GET /get-tables?loc=655e2e7c5a3d53943c6b7c53 - Status: 304 - Response Time: 259ms
20:44:50 - POST /save-order - Status: 200 - Response Time: 1599ms
20:44:53 - GET /get-tables?loc=655e2e7c5a3d53943c6b7c53 - Status: 200 - Response Time: 267ms
20:45:04 - POST /bill?index=54&billId=65aac321b53aee3f271ca2cb - Status: 200 - Response Time: 143ms
20:45:10 - POST /bill?index=54&billId=65aac321b53aee3f271ca2cb - Status: 200 - Response Time: 144ms
20:45:15 - GET /get-time?orderId=65aac321b53aee3f271ca2cb - Status: 200 - Response Time: 62ms
20:45:29 - POST /bill?index=54&billId=65aac321b53aee3f271ca2cb - Status: 200 - Response Time: 156ms
20:45:45 - GET /get-tables?loc=655e2e7c5a3d53943c6b7c53 - Status: 200 - Response Time: 265ms
20:59:47 - GET /get-tables?loc=655e2e7c5a3d53943c6b7c53 - Status: 200 - Response Time: 294ms
20:59:55 - GET /get-tables?loc=655e2e7c5a3d53943c6b7c53 - Status: 304 - Response Time: 268ms
21:00:33 - POST /bill?index=61&billId=65aa9c56e2eadc62ad0e05a3 - Status: 200 - Response Time: 146ms
21:00:54 - POST /bill?index=61&billId=65aa9c56e2eadc62ad0e05a3 - Status: 200 - Response Time: 133ms
21:01:14 - POST /bill?index=61&billId=65aa9c56e2eadc62ad0e05a3 - Status: 200 - Response Time: 128ms
21:01:25 - POST /bill?index=61&billId=65aa9c56e2eadc62ad0e05a3 - Status: 200 - Response Time: 137ms
21:03:38 - GET /get-tables?loc=655e2e7c5a3d53943c6b7c53 - Status: 200 - Response Time: 272ms
21:03:38 - GET /get-tables?loc=655e2e7c5a3d53943c6b7c53 - Status: 304 - Response Time: 331ms
21:03:44 - POST /bill?index=61&billId=65aa9c56e2eadc62ad0e05a3 - Status: 200 - Response Time: 138ms
21:04:08 - POST /bill?index=61&billId=65aa9c56e2eadc62ad0e05a3 - Status: 200 - Response Time: 164ms
21:05:24 - GET /get-tables?loc=655e2e7c5a3d53943c6b7c53 - Status: 200 - Response Time: 267ms
21:05:25 - GET /get-tables?loc=655e2e7c5a3d53943c6b7c53 - Status: 304 - Response Time: 365ms
21:05:36 - POST /bill?index=61&billId=65aa9c56e2eadc62ad0e05a3 - Status: 200 - Response Time: 151ms
21:06:37 - POST /bill?index=61&billId=65aa9c56e2eadc62ad0e05a3 - Status: 200 - Response Time: 133ms
21:06:41 - GET /get-tables?loc=655e2e7c5a3d53943c6b7c53 - Status: 200 - Response Time: 262ms
21:06:48 - POST /bill?index=61&billId=65aa9c56e2eadc62ad0e05a3 - Status: 200 - Response Time: 157ms
21:06:54 - POST /bill?index=61&billId=65aa9c56e2eadc62ad0e05a3 - Status: 200 - Response Time: 151ms
21:07:04 - GET /get-tables?loc=655e2e7c5a3d53943c6b7c53 - Status: 200 - Response Time: 276ms
21:07:27 - GET /get-tables?loc=655e2e7c5a3d53943c6b7c53 - Status: 304 - Response Time: 257ms
21:07:27 - GET /get-tables?loc=655e2e7c5a3d53943c6b7c53 - Status: 304 - Response Time: 313ms
22:08:56 - GET /get-tables?loc=655e2e7c5a3d53943c6b7c53 - Status: 200 - Response Time: 254ms
22:09:15 - GET /get-tables?loc=655e2e7c5a3d53943c6b7c53 - Status: 304 - Response Time: 243ms
22:09:32 - GET /get-tables?loc=655e2e7c5a3d53943c6b7c53 - Status: 200 - Response Time: 261ms
22:18:11 - GET /get-tables?loc=655e2e7c5a3d53943c6b7c53 - Status: 304 - Response Time: 260ms
22:18:12 - GET /get-tables?loc=655e2e7c5a3d53943c6b7c53 - Status: 304 - Response Time: 588ms
22:18:23 - PUT /bill - Status: 200 - Response Time: 228ms
22:18:24 - POST /bill?index=20&billId=new - Status: 200 - Response Time: 280ms
22:27:10 - GET /get-tables?loc=655e2e7c5a3d53943c6b7c53 - Status: 200 - Response Time: 252ms
22:27:11 - GET /get-tables?loc=655e2e7c5a3d53943c6b7c53 - Status: 304 - Response Time: 376ms
22:27:59 - POST /bill?index=20&billId=65aad90f074e50796404728a - Status: 200 - Response Time: 133ms
22:27:59 - POST /bill?index=20&billId=new - Status: 200 - Response Time: 263ms
22:28:44 - POST /bill?index=20&billId=65aad90f074e50796404728a - Status: 200 - Response Time: 131ms
22:28:45 - POST /bill?index=20&billId=new - Status: 200 - Response Time: 236ms
22:30:37 - GET /get-tables?loc=655e2e7c5a3d53943c6b7c53 - Status: 200 - Response Time: 256ms
22:30:38 - GET /get-tables?loc=655e2e7c5a3d53943c6b7c53 - Status: 304 - Response Time: 339ms
22:30:42 - GET /get-tables?loc=655e2e7c5a3d53943c6b7c53 - Status: 304 - Response Time: 248ms
22:30:50 - POST /bill?index=20&billId=65aad90f074e50796404728a - Status: 200 - Response Time: 163ms
22:31:15 - POST /bill?index=20&billId=65aad90f074e50796404728a - Status: 200 - Response Time: 129ms
22:31:15 - POST /bill?index=20&billId=65aadb7c074e507964048137 - Status: 200 - Response Time: 122ms
22:31:31 - GET /get-tables?loc=655e2e7c5a3d53943c6b7c53 - Status: 200 - Response Time: 246ms
22:31:46 - POST /bill?index=20&billId=65aad90f074e50796404728a - Status: 200 - Response Time: 122ms
22:31:46 - POST /bill?index=20&billId=65aadb7c074e507964048137 - Status: 200 - Response Time: 119ms
22:32:05 - GET /get-tables?loc=655e2e7c5a3d53943c6b7c53 - Status: 200 - Response Time: 245ms
22:32:06 - GET /get-tables?loc=655e2e7c5a3d53943c6b7c53 - Status: 304 - Response Time: 191ms
22:33:26 - GET /get-tables?loc=655e2e7c5a3d53943c6b7c53 - Status: 304 - Response Time: 242ms
22:33:27 - GET /get-tables?loc=655e2e7c5a3d53943c6b7c53 - Status: 304 - Response Time: 396ms
22:33:42 - POST /bill?index=20&billId=65aad90f074e50796404728a - Status: 200 - Response Time: 146ms
22:33:42 - POST /bill?index=20&billId=65aadb4f074e507964048115 - Status: 200 - Response Time: 140ms
22:34:45 - GET /get-tables?loc=655e2e7c5a3d53943c6b7c53 - Status: 200 - Response Time: 258ms
22:34:46 - GET /get-tables?loc=655e2e7c5a3d53943c6b7c53 - Status: 304 - Response Time: 392ms
22:42:29 - GET /get-tables?loc=655e2e7c5a3d53943c6b7c53 - Status: 304 - Response Time: 281ms
22:42:46 - POST /bill?index=20&billId=65aad90f074e50796404728a - Status: 200 - Response Time: 136ms
22:42:46 - POST /bill?index=20&billId=65aadb4f074e507964048115 - Status: 200 - Response Time: 124ms
22:43:20 - POST /bill?index=20&billId=65aad90f074e50796404728a - Status: 200 - Response Time: 118ms
22:43:20 - POST /bill?index=20&billId=65aadb4f074e507964048115 - Status: 200 - Response Time: 138ms
22:44:47 - POST /register-del-prod - Status: 200 - Response Time: 69ms
22:44:47 - POST /register-del-prod - Status: 200 - Response Time: 98ms
22:44:47 - POST /register-del-prod - Status: 200 - Response Time: 82ms
22:44:47 - POST /register-del-prod - Status: 200 - Response Time: 81ms
22:44:47 - PUT /bill - Status: 200 - Response Time: 119ms
22:44:49 - GET /get-tables?loc=655e2e7c5a3d53943c6b7c53 - Status: 200 - Response Time: 242ms
22:45:03 - POST /register-del-prod - Status: 200 - Response Time: 66ms
22:45:03 - POST /register-del-prod - Status: 200 - Response Time: 68ms
22:45:03 - POST /register-del-prod - Status: 200 - Response Time: 65ms
22:45:03 - PUT /bill - Status: 200 - Response Time: 115ms
22:45:04 - GET /get-tables?loc=655e2e7c5a3d53943c6b7c53 - Status: 200 - Response Time: 244ms
22:45:32 - POST /bill?index=20&billId=65aad90f074e50796404728a - Status: 200 - Response Time: 167ms
22:46:01 - POST /bill?index=20&billId=65aad90f074e50796404728a - Status: 200 - Response Time: 133ms
22:46:01 - POST /bill?index=20&billId=new - Status: 200 - Response Time: 318ms
22:46:57 - POST /bill?index=20&billId=65aadf8968475525ddf11b56 - Status: 200 - Response Time: 325ms
22:46:57 - POST /bill?index=20&billId=65aadf8968475525ddf11b56 - Status: 200 - Response Time: 322ms
22:47:16 - POST /bill?index=20&billId=65aad90f074e50796404728a - Status: 200 - Response Time: 118ms
22:47:16 - POST /bill?index=20&billId=65aadf8968475525ddf11b56 - Status: 200 - Response Time: 118ms
22:48:20 - GET /get-tables?loc=655e2e7c5a3d53943c6b7c53 - Status: 200 - Response Time: 739ms
22:48:29 - POST /bill?index=20&billId=65aadf8968475525ddf11b56 - Status: 200 - Response Time: 177ms
22:48:29 - POST /bill?index=20&billId=65aad90f074e50796404728a - Status: 200 - Response Time: 183ms
22:49:01 - GET /get-tables?loc=655e2e7c5a3d53943c6b7c53 - Status: 200 - Response Time: 738ms
22:49:55 - GET /get-tables?loc=655e2e7c5a3d53943c6b7c53 - Status: 304 - Response Time: 253ms
22:50:36 - GET /get-tables?loc=655e2e7c5a3d53943c6b7c53 - Status: 304 - Response Time: 232ms
22:50:46 - GET /get-tables?loc=655e2e7c5a3d53943c6b7c53 - Status: 304 - Response Time: 231ms
22:51:03 - POST /bill?index=20&billId=65aad90f074e50796404728a - Status: 200 - Response Time: 145ms
22:51:03 - POST /bill?index=20&billId=65aadf8968475525ddf11b56 - Status: 200 - Response Time: 146ms
22:51:46 - GET /get-tables?loc=655e2e7c5a3d53943c6b7c53 - Status: 200 - Response Time: 236ms
22:52:39 - GET /get-tables?loc=655e2e7c5a3d53943c6b7c53 - Status: 304 - Response Time: 232ms
22:52:43 - GET /get-tables?loc=655e2e7c5a3d53943c6b7c53 - Status: 304 - Response Time: 226ms
22:52:56 - GET /get-tables?loc=655e2e7c5a3d53943c6b7c53 - Status: 304 - Response Time: 250ms
22:53:55 - GET /get-tables?loc=655e2e7c5a3d53943c6b7c53 - Status: 304 - Response Time: 265ms
22:55:02 - GET /get-tables?loc=655e2e7c5a3d53943c6b7c53 - Status: 304 - Response Time: 239ms
22:56:16 - GET /get-tables?loc=655e2e7c5a3d53943c6b7c53 - Status: 304 - Response Time: 229ms
22:56:19 - GET /get-tables?loc=655e2e7c5a3d53943c6b7c53 - Status: 304 - Response Time: 236ms
23:01:24 - GET /get-tables?loc=655e2e7c5a3d53943c6b7c53 - Status: 304 - Response Time: 233ms
23:01:24 - GET /get-tables?loc=655e2e7c5a3d53943c6b7c53 - Status: 304 - Response Time: 549ms
23:01:48 - POST /bill?index=31&billId=65aa44e946c9ce6b6a99ab5f - Status: 200 - Response Time: 136ms
23:01:48 - POST /bill?index=31&billId=new - Status: 200 - Response Time: 259ms
23:04:24 - GET /get-tables?loc=655e2e7c5a3d53943c6b7c53 - Status: 200 - Response Time: 236ms
23:04:24 - GET /get-tables?loc=655e2e7c5a3d53943c6b7c53 - Status: 304 - Response Time: 447ms
23:04:29 - POST /bill?index=31&billId=65aa44e946c9ce6b6a99ab5f - Status: 200 - Response Time: 149ms
23:05:36 - GET /get-tables?loc=655e2e7c5a3d53943c6b7c53 - Status: 200 - Response Time: 226ms
23:05:37 - GET /get-tables?loc=655e2e7c5a3d53943c6b7c53 - Status: 304 - Response Time: 368ms
23:06:01 - POST /bill?index=28&billId=65aa914af9cc7fb815f8fb95 - Status: 200 - Response Time: 123ms
23:06:01 - POST /bill?index=28&billId=new - Status: 200 - Response Time: 251ms
23:10:09 - GET /get-tables?loc=655e2e7c5a3d53943c6b7c53 - Status: 200 - Response Time: 241ms
23:10:09 - GET /get-tables?loc=655e2e7c5a3d53943c6b7c53 - Status: 304 - Response Time: 387ms
23:10:18 - GET /get-tables?loc=655e2e7c5a3d53943c6b7c53 - Status: 304 - Response Time: 230ms
23:10:19 - GET /get-tables?loc=655e2e7c5a3d53943c6b7c53 - Status: 304 - Response Time: 345ms
23:10:30 - POST /bill?index=28&billId=65aa914af9cc7fb815f8fb95 - Status: 200 - Response Time: 135ms
23:11:17 - GET /get-tables?loc=655e2e7c5a3d53943c6b7c53 - Status: 200 - Response Time: 262ms
23:11:17 - GET /get-tables?loc=655e2e7c5a3d53943c6b7c53 - Status: 304 - Response Time: 385ms
23:11:35 - POST /bill?index=28&billId=65aae43968475525ddf1a452 - Status: 200 - Response Time: 122ms
23:11:35 - POST /bill?index=28&billId=65aa914af9cc7fb815f8fb95 - Status: 200 - Response Time: 129ms
23:12:34 - GET /get-tables?loc=655e2e7c5a3d53943c6b7c53 - Status: 200 - Response Time: 233ms
23:12:34 - GET /get-tables?loc=655e2e7c5a3d53943c6b7c53 - Status: 304 - Response Time: 322ms
23:12:39 - POST /bill?index=28&billId=65aa914af9cc7fb815f8fb95 - Status: 200 - Response Time: 135ms
23:12:53 - POST /bill?index=28&billId=65aa914af9cc7fb815f8fb95 - Status: 200 - Response Time: 119ms
23:12:53 - POST /bill?index=28&billId=65aae43968475525ddf1a452 - Status: 200 - Response Time: 119ms
23:13:42 - GET /get-tables?loc=655e2e7c5a3d53943c6b7c53 - Status: 200 - Response Time: 236ms
23:13:43 - GET /get-tables?loc=655e2e7c5a3d53943c6b7c53 - Status: 304 - Response Time: 294ms
23:13:55 - POST /bill?index=28&billId=65aa914af9cc7fb815f8fb95 - Status: 200 - Response Time: 119ms
23:13:55 - POST /bill?index=28&billId=65aae43968475525ddf1a452 - Status: 200 - Response Time: 120ms
23:16:42 - GET /get-tables?loc=655e2e7c5a3d53943c6b7c53 - Status: 200 - Response Time: 235ms
23:16:42 - GET /get-tables?loc=655e2e7c5a3d53943c6b7c53 - Status: 304 - Response Time: 325ms
23:16:55 - POST /register-del-prod - Status: 200 - Response Time: 75ms
23:16:55 - PUT /bill - Status: 200 - Response Time: 117ms
23:17:07 - POST /bill?index=28&billId=65aae43968475525ddf1a452 - Status: 200 - Response Time: 132ms
23:17:15 - POST /register-del-prod - Status: 200 - Response Time: 64ms
23:17:15 - POST /register-del-prod - Status: 200 - Response Time: 65ms
23:17:15 - POST /register-del-prod - Status: 200 - Response Time: 66ms
23:17:15 - POST /register-del-prod - Status: 200 - Response Time: 61ms
23:17:15 - POST /register-del-prod - Status: 200 - Response Time: 65ms
23:17:15 - PUT /bill - Status: 200 - Response Time: 428ms
23:17:16 - GET /get-tables?loc=655e2e7c5a3d53943c6b7c53 - Status: 200 - Response Time: 232ms
23:17:21 - GET /get-tables?loc=655e2e7c5a3d53943c6b7c53 - Status: 304 - Response Time: 240ms
23:17:25 - GET /get-tables?loc=655e2e7c5a3d53943c6b7c53 - Status: 304 - Response Time: 234ms
23:17:32 - POST /register-del-prod - Status: 200 - Response Time: 62ms
23:17:32 - PUT /bill - Status: 200 - Response Time: 111ms
23:17:35 - GET /get-tables?loc=655e2e7c5a3d53943c6b7c53 - Status: 200 - Response Time: 233ms
23:17:37 - GET /get-tables?loc=655e2e7c5a3d53943c6b7c53 - Status: 304 - Response Time: 235ms
23:17:44 - POST /register-del-prod - Status: 200 - Response Time: 65ms
23:17:44 - POST /register-del-prod - Status: 200 - Response Time: 65ms
23:17:44 - PUT /bill - Status: 200 - Response Time: 111ms
23:17:44 - GET /get-tables?loc=655e2e7c5a3d53943c6b7c53 - Status: 200 - Response Time: 230ms
23:17:47 - GET /get-tables?loc=655e2e7c5a3d53943c6b7c53 - Status: 304 - Response Time: 241ms
23:18:31 - POST /bill?index=20&billId=65aad90f074e50796404728a - Status: 200 - Response Time: 173ms
23:18:38 - POST /register-del-prod - Status: 200 - Response Time: 74ms
23:18:38 - PUT /bill - Status: 200 - Response Time: 117ms
23:19:14 - POST /register-del-prod - Status: 200 - Response Time: 85ms
23:19:14 - POST /register-del-prod - Status: 200 - Response Time: 71ms
23:19:14 - POST /register-del-prod - Status: 200 - Response Time: 78ms
23:19:14 - POST /register-del-prod - Status: 200 - Response Time: 73ms
23:19:14 - POST /register-del-prod - Status: 200 - Response Time: 80ms
23:19:14 - PUT /bill - Status: 200 - Response Time: 130ms
23:19:15 - GET /get-tables?loc=655e2e7c5a3d53943c6b7c53 - Status: 200 - Response Time: 259ms
23:19:44 - GET /get-tables?loc=655e2e7c5a3d53943c6b7c53 - Status: 304 - Response Time: 253ms
23:19:45 - GET /get-tables?loc=655e2e7c5a3d53943c6b7c53 - Status: 304 - Response Time: 491ms
23:19:53 - GET /get-tables?loc=655e2e7c5a3d53943c6b7c53 - Status: 304 - Response Time: 269ms
23:20:45 - GET /get-tables?loc=655e2e7c5a3d53943c6b7c53 - Status: 304 - Response Time: 247ms
23:20:45 - GET /get-tables?loc=655e2e7c5a3d53943c6b7c53 - Status: 304 - Response Time: 731ms
23:21:41 - GET /get-tables?loc=655e2e7c5a3d53943c6b7c53 - Status: 304 - Response Time: 1015ms
23:22:27 - GET /get-tables?loc=655e2e7c5a3d53943c6b7c53 - Status: 304 - Response Time: 229ms
23:22:27 - GET /get-tables?loc=655e2e7c5a3d53943c6b7c53 - Status: 304 - Response Time: 194ms
23:23:04 - GET /get-tables?loc=655e2e7c5a3d53943c6b7c53 - Status: 304 - Response Time: 240ms
23:23:05 - GET /get-tables?loc=655e2e7c5a3d53943c6b7c53 - Status: 304 - Response Time: 496ms
23:23:36 - GET /get-tables?loc=655e2e7c5a3d53943c6b7c53 - Status: 304 - Response Time: 230ms
23:24:34 - GET /get-tables?loc=655e2e7c5a3d53943c6b7c53 - Status: 304 - Response Time: 244ms
23:24:34 - GET /get-tables?loc=655e2e7c5a3d53943c6b7c53 - Status: 304 - Response Time: 477ms
23:24:59 - GET /get-tables?loc=655e2e7c5a3d53943c6b7c53 - Status: 304 - Response Time: 245ms
23:25:09 - POST /bill?index=2&billId=65a8da915613f494c4a52600 - Status: 200 - Response Time: 148ms
23:25:19 - POST /bill?index=2&billId=65a8da915613f494c4a52600 - Status: 200 - Response Time: 135ms
23:25:20 - POST /bill?index=2&billId=new - Status: 200 - Response Time: 303ms
23:25:31 - GET /get-tables?loc=655e2e7c5a3d53943c6b7c53 - Status: 200 - Response Time: 249ms
23:25:31 - GET /get-tables?loc=655e2e7c5a3d53943c6b7c53 - Status: 304 - Response Time: 519ms
23:25:43 - POST /bill?index=2&billId=65aae8bf7a3dc5bdf9e224c0 - Status: 200 - Response Time: 123ms
23:25:43 - POST /bill?index=2&billId=65a8da915613f494c4a52600 - Status: 200 - Response Time: 131ms
23:26:19 - GET /get-tables?loc=655e2e7c5a3d53943c6b7c53 - Status: 200 - Response Time: 243ms
23:26:19 - GET /get-tables?loc=655e2e7c5a3d53943c6b7c53 - Status: 304 - Response Time: 207ms
23:26:26 - GET /get-tables?loc=655e2e7c5a3d53943c6b7c53 - Status: 304 - Response Time: 231ms
23:26:35 - POST /bill?index=2&billId=65aae8bf7a3dc5bdf9e224c0 - Status: 200 - Response Time: 117ms
23:26:35 - POST /bill?index=2&billId=65a8da915613f494c4a52600 - Status: 200 - Response Time: 124ms
23:26:55 - GET /get-tables?loc=655e2e7c5a3d53943c6b7c53 - Status: 200 - Response Time: 247ms
23:26:55 - GET /get-tables?loc=655e2e7c5a3d53943c6b7c53 - Status: 304 - Response Time: 567ms
23:27:45 - GET /get-tables?loc=655e2e7c5a3d53943c6b7c53 - Status: 304 - Response Time: 251ms
23:27:46 - GET /get-tables?loc=655e2e7c5a3d53943c6b7c53 - Status: 304 - Response Time: 424ms
23:27:51 - GET /get-tables?loc=655e2e7c5a3d53943c6b7c53 - Status: 304 - Response Time: 235ms
23:28:04 - POST /bill?index=2&billId=65a8da915613f494c4a52600 - Status: 200 - Response Time: 141ms
23:28:19 - POST /bill?index=2&billId=65a8da915613f494c4a52600 - Status: 200 - Response Time: 125ms
23:28:19 - POST /bill?index=2&billId=65aae8bf7a3dc5bdf9e224c0 - Status: 200 - Response Time: 122ms
23:28:47 - GET /get-tables?loc=655e2e7c5a3d53943c6b7c53 - Status: 200 - Response Time: 236ms
23:28:47 - GET /get-tables?loc=655e2e7c5a3d53943c6b7c53 - Status: 304 - Response Time: 709ms
23:28:55 - POST /register-del-prod - Status: 200 - Response Time: 75ms
23:28:55 - POST /register-del-prod - Status: 200 - Response Time: 82ms
23:28:55 - POST /register-del-prod - Status: 200 - Response Time: 80ms
23:28:55 - POST /register-del-prod - Status: 200 - Response Time: 77ms
23:28:55 - PUT /bill - Status: 200 - Response Time: 131ms
23:28:57 - GET /get-tables?loc=655e2e7c5a3d53943c6b7c53 - Status: 200 - Response Time: 228ms
23:29:02 - POST /bill?index=2&billId=65a8da915613f494c4a52600 - Status: 200 - Response Time: 125ms
23:29:16 - POST /bill?index=2&billId=65a8da915613f494c4a52600 - Status: 200 - Response Time: 127ms
23:29:16 - POST /bill?index=2&billId=new - Status: 200 - Response Time: 254ms
23:30:17 - GET /get-tables?loc=655e2e7c5a3d53943c6b7c53 - Status: 200 - Response Time: 248ms
23:30:17 - GET /get-tables?loc=655e2e7c5a3d53943c6b7c53 - Status: 304 - Response Time: 571ms
23:30:19 - GET /get-tables?loc=655e2e7c5a3d53943c6b7c53 - Status: 304 - Response Time: 233ms
23:30:35 - POST /bill?index=2&billId=65aae9ac7a3dc5bdf9e2825e - Status: 200 - Response Time: 133ms
23:30:35 - POST /bill?index=2&billId=65a8da915613f494c4a52600 - Status: 200 - Response Time: 144ms
23:38:12 - GET /get-tables?loc=655e2e7c5a3d53943c6b7c53 - Status: 200 - Response Time: 238ms
23:38:12 - GET /get-tables?loc=655e2e7c5a3d53943c6b7c53 - Status: 304 - Response Time: 371ms
23:38:31 - GET /get-tables?loc=655e2e7c5a3d53943c6b7c53 - Status: 304 - Response Time: 250ms
23:38:32 - GET /get-tables?loc=655e2e7c5a3d53943c6b7c53 - Status: 304 - Response Time: 565ms
23:38:43 - POST /bill?index=2&billId=65a8da915613f494c4a52600 - Status: 200 - Response Time: 139ms
23:38:43 - POST /bill?index=2&billId=65aae9ac7a3dc5bdf9e2825e - Status: 200 - Response Time: 139ms
23:38:56 - POST /bill?index=2&billId=65a8da915613f494c4a52600 - Status: 200 - Response Time: 130ms
23:38:56 - POST /bill?index=2&billId=65aae9ac7a3dc5bdf9e2825e - Status: 200 - Response Time: 125ms
23:39:12 - POST /bill?index=2&billId=65a8da915613f494c4a52600 - Status: 200 - Response Time: 126ms
23:39:22 - POST /bill?index=2&billId=65a8da915613f494c4a52600 - Status: 200 - Response Time: 124ms
23:39:22 - POST /bill?index=2&billId=65aae9ac7a3dc5bdf9e2825e - Status: 200 - Response Time: 128ms
23:40:38 - POST /register-del-prod - Status: 200 - Response Time: 79ms
23:40:38 - POST /register-del-prod - Status: 200 - Response Time: 70ms
23:40:38 - POST /register-del-prod - Status: 200 - Response Time: 74ms
23:40:38 - POST /register-del-prod - Status: 200 - Response Time: 71ms
23:40:38 - POST /register-del-prod - Status: 200 - Response Time: 76ms
23:40:39 - POST /register-del-prod - Status: 200 - Response Time: 69ms
23:40:39 - PUT /bill - Status: 200 - Response Time: 115ms
23:40:41 - GET /get-tables?loc=655e2e7c5a3d53943c6b7c53 - Status: 200 - Response Time: 244ms
23:41:00 - POST /bill?index=2&billId=65a8da915613f494c4a52600 - Status: 200 - Response Time: 140ms
23:41:00 - POST /bill?index=2&billId=new - Status: 200 - Response Time: 248ms
23:43:28 - GET /get-tables?loc=655e2e7c5a3d53943c6b7c53 - Status: 200 - Response Time: 315ms
23:43:29 - GET /get-tables?loc=655e2e7c5a3d53943c6b7c53 - Status: 304 - Response Time: 403ms
00:01:23 - POST /save-order - Status: 200 - Response Time: 1813ms
00:01:29 - GET /get-tables?loc=655e2e7c5a3d53943c6b7c53 - Status: 200 - Response Time: 246ms
00:01:37 - POST /bill?index=54&billId=65aaf131bba3cd3e4fdfd6f8 - Status: 200 - Response Time: 156ms
00:01:43 - POST /bill?index=54&billId=65aaf131bba3cd3e4fdfd6f8 - Status: 200 - Response Time: 124ms
00:01:48 - GET /get-time?orderId=65aaf131bba3cd3e4fdfd6f8 - Status: 200 - Response Time: 167ms
00:01:51 - GET /get-tables?loc=655e2e7c5a3d53943c6b7c53 - Status: 200 - Response Time: 290ms
00:06:56 - GET /get-tables?loc=655e2e7c5a3d53943c6b7c53 - Status: 304 - Response Time: 301ms
00:06:57 - GET /get-tables?loc=655e2e7c5a3d53943c6b7c53 - Status: 304 - Response Time: 375ms
00:10:08 - GET /get-tables?loc=655e2e7c5a3d53943c6b7c53 - Status: 304 - Response Time: 246ms
00:10:09 - GET /get-tables?loc=655e2e7c5a3d53943c6b7c53 - Status: 304 - Response Time: 514ms
00:10:38 - GET /get-tables?loc=655e2e7c5a3d53943c6b7c53 - Status: 304 - Response Time: 230ms
00:10:39 - GET /get-tables?loc=655e2e7c5a3d53943c6b7c53 - Status: 304 - Response Time: 481ms
00:15:58 - POST /save-order - Status: 200 - Response Time: 2090ms
00:16:15 - GET /get-tables?loc=655e2e7c5a3d53943c6b7c53 - Status: 200 - Response Time: 179ms
00:16:22 - GET /get-time?orderId=65aaf49b4ddb3c25bea3e5d3 - Status: 200 - Response Time: 60ms
00:16:54 - GET /get-tables?loc=655e2e7c5a3d53943c6b7c53 - Status: 304 - Response Time: 179ms
00:16:59 - POST /bill?index=54&billId=65aaf49b4ddb3c25bea3e5d3 - Status: 200 - Response Time: 173ms
00:17:10 - POST /register-del-prod - Status: 200 - Response Time: 73ms
00:17:10 - POST /register-del-prod - Status: 200 - Response Time: 62ms
00:17:10 - POST /upload-ings?loc=655e2e7c5a3d53943c6b7c53 - Status: 200 - Response Time: 1ms
00:17:10 - POST /upload-ings?loc=655e2e7c5a3d53943c6b7c53 - Status: 200 - Response Time: 1ms
00:17:10 - POST /upload-ings?loc=655e2e7c5a3d53943c6b7c53 - Status: 200 - Response Time: 1ms
00:17:10 - POST /upload-ings?loc=655e2e7c5a3d53943c6b7c53 - Status: 200 - Response Time: 1ms
00:17:10 - PUT /bill - Status: 200 - Response Time: 112ms
00:17:13 - GET /get-tables?loc=655e2e7c5a3d53943c6b7c53 - Status: 200 - Response Time: 187ms
00:17:26 - POST /bill?index=30&billId=new - Status: 200 - Response Time: 271ms
00:17:55 - POST /save-order - Status: 200 - Response Time: 1953ms
00:18:19 - GET /get-time?orderId=65aaf5114ddb3c25bea401d8 - Status: 200 - Response Time: 56ms
00:18:25 - GET /get-tables?loc=655e2e7c5a3d53943c6b7c53 - Status: 200 - Response Time: 252ms
00:18:34 - POST /bill?index=54&billId=65aaf5114ddb3c25bea401d8 - Status: 200 - Response Time: 137ms
00:18:53 - POST /register-del-prod - Status: 200 - Response Time: 120ms
00:18:53 - POST /upload-ings?loc=655e2e7c5a3d53943c6b7c53 - Status: 200 - Response Time: 1ms
00:18:53 - POST /register-del-prod - Status: 200 - Response Time: 156ms
00:18:53 - POST /register-del-prod - Status: 200 - Response Time: 141ms
00:18:53 - POST /register-del-prod - Status: 200 - Response Time: 153ms
00:18:53 - POST /register-del-prod - Status: 200 - Response Time: 138ms
00:18:53 - POST /upload-ings?loc=655e2e7c5a3d53943c6b7c53 - Status: 200 - Response Time: 0ms
00:18:53 - POST /upload-ings?loc=655e2e7c5a3d53943c6b7c53 - Status: 200 - Response Time: 0ms
00:18:53 - POST /upload-ings?loc=655e2e7c5a3d53943c6b7c53 - Status: 200 - Response Time: 0ms
00:18:53 - POST /upload-ings?loc=655e2e7c5a3d53943c6b7c53 - Status: 200 - Response Time: 0ms
00:18:53 - PUT /bill - Status: 200 - Response Time: 214ms
00:19:01 - POST /register-del-prod - Status: 200 - Response Time: 66ms
00:19:01 - POST /register-del-prod - Status: 200 - Response Time: 66ms
00:19:01 - PUT /bill - Status: 200 - Response Time: 110ms
00:23:53 - POST /save-order - Status: 200 - Response Time: 1579ms
00:24:28 - POST /save-order - Status: 200 - Response Time: 1611ms
00:24:52 - GET /get-tables?loc=655e2e7c5a3d53943c6b7c53 - Status: 200 - Response Time: 188ms
00:25:01 - GET /get-tables?loc=655e2e7c5a3d53943c6b7c53 - Status: 304 - Response Time: 174ms
00:25:05 - GET /get-tables?loc=655e2e7c5a3d53943c6b7c53 - Status: 304 - Response Time: 173ms
00:25:07 - POST /bill?index=54&billId=65aaf6784ddb3c25bea411bb - Status: 200 - Response Time: 125ms
00:25:19 - POST /register-del-prod - Status: 200 - Response Time: 70ms
00:25:19 - POST /register-del-prod - Status: 200 - Response Time: 62ms
00:25:19 - POST /register-del-prod - Status: 200 - Response Time: 65ms
00:25:19 - PUT /bill - Status: 200 - Response Time: 116ms
00:25:20 - GET /get-tables?loc=655e2e7c5a3d53943c6b7c53 - Status: 200 - Response Time: 180ms
09:43:55 - GET /get-tables?loc=655e2e7c5a3d53943c6b7c53 - Status: 200 - Response Time: 279ms
09:44:00 - GET /get-tables?loc=655e2e7c5a3d53943c6b7c53 - Status: 304 - Response Time: 272ms
09:44:16 - GET /get-tables?loc=655e2e7c5a3d53943c6b7c53 - Status: 304 - Response Time: 280ms
09:46:27 - GET /get-tables?loc=655e2e7c5a3d53943c6b7c53 - Status: 200 - Response Time: 255ms
09:46:50 - GET /get-user-orders?userId=64ac67f274937927c7aa9c05 - Status: 304 - Response Time: 63ms
09:46:53 - GET /get-user-orders?userId=64ac67f274937927c7aa9c05 - Status: 304 - Response Time: 107ms
09:46:54 - GET /get-user-orders?userId=64ac67f274937927c7aa9c05 - Status: 304 - Response Time: 60ms
09:46:55 - GET /get-user-orders?userId=64ac67f274937927c7aa9c05 - Status: 304 - Response Time: 61ms
09:46:55 - GET /get-user-orders?userId=64ac67f274937927c7aa9c05 - Status: 304 - Response Time: 60ms
09:47:00 - GET /get-user-orders?userId=64ac67f274937927c7aa9c05 - Status: 304 - Response Time: 62ms
09:52:52 - GET /get-tables?loc=655e2e7c5a3d53943c6b7c53 - Status: 200 - Response Time: 297ms
09:53:39 - POST /register-del-prod - Status: 200 - Response Time: 102ms
09:53:39 - POST /register-del-prod - Status: 200 - Response Time: 111ms
09:53:39 - POST /register-del-prod - Status: 200 - Response Time: 123ms
09:53:39 - POST /register-del-prod - Status: 200 - Response Time: 127ms
09:53:39 - POST /register-del-prod - Status: 200 - Response Time: 179ms
09:53:39 - PUT /bill - Status: 200 - Response Time: 215ms
09:53:47 - GET /get-tables?loc=655e2e7c5a3d53943c6b7c53 - Status: 200 - Response Time: 440ms
09:53:51 - POST /bill?index=21&billId=65aa4e66cad0f8dab861a058 - Status: 200 - Response Time: 142ms
09:53:55 - GET /get-tables?loc=655e2e7c5a3d53943c6b7c53 - Status: 200 - Response Time: 258ms
10:04:58 - POST /bill?index=31&billId=new - Status: 200 - Response Time: 1416ms
10:07:32 - GET /get-tables?loc=655e2e7c5a3d53943c6b7c53 - Status: 200 - Response Time: 280ms
10:07:32 - GET /get-tables?loc=655e2e7c5a3d53943c6b7c53 - Status: 304 - Response Time: 738ms
10:07:50 - POST /bill?index=32&billId=new - Status: 200 - Response Time: 319ms
10:08:09 - GET /get-tables?loc=655e2e7c5a3d53943c6b7c53 - Status: 200 - Response Time: 279ms
10:08:10 - GET /get-tables?loc=655e2e7c5a3d53943c6b7c53 - Status: 304 - Response Time: 397ms
10:08:19 - POST /bill?index=32&billId=new - Status: 200 - Response Time: 274ms
10:08:24 - POST /bill?index=32&billId=65ab7f7335d2ebf85f3dcaae - Status: 200 - Response Time: 136ms
10:09:52 - GET /get-tables?loc=655e2e7c5a3d53943c6b7c53 - Status: 200 - Response Time: 267ms
10:10:04 - POST /bill?index=22&billId=new - Status: 200 - Response Time: 288ms
10:10:07 - POST /bill?index=22&billId=65ab7fdc35d2ebf85f3dd204 - Status: 200 - Response Time: 131ms
10:24:17 - GET /get-tables?loc=655e2e7c5a3d53943c6b7c53 - Status: 200 - Response Time: 286ms
10:24:23 - GET /get-tables?loc=655e2e7c5a3d53943c6b7c53 - Status: 304 - Response Time: 254ms
10:32:16 - GET /get-tables?loc=655e2e7c5a3d53943c6b7c53 - Status: 304 - Response Time: 284ms
10:32:25 - GET /get-tables?loc=655e2e7c5a3d53943c6b7c53 - Status: 304 - Response Time: 261ms
10:47:43 - GET /get-tables?loc=655e2e7c5a3d53943c6b7c53 - Status: 304 - Response Time: 260ms
10:47:43 - GET /get-tables?loc=655e2e7c5a3d53943c6b7c53 - Status: 304 - Response Time: 295ms
10:57:18 - GET /get-tables?loc=655e2e7c5a3d53943c6b7c53 - Status: 304 - Response Time: 257ms
10:57:18 - GET /get-tables?loc=655e2e7c5a3d53943c6b7c53 - Status: 304 - Response Time: 276ms
10:57:40 - GET /get-tables?loc=655e2e7c5a3d53943c6b7c53 - Status: 304 - Response Time: 261ms
10:57:41 - GET /get-tables?loc=655e2e7c5a3d53943c6b7c53 - Status: 304 - Response Time: 287ms
10:59:04 - GET /get-user-orders?userId=64ac67f274937927c7aa9c05 - Status: 200 - Response Time: 73ms
10:59:15 - GET /get-user-orders?userId=64ac67f274937927c7aa9c05 - Status: 304 - Response Time: 70ms
10:59:20 - GET /get-user-orders?userId=64ac67f274937927c7aa9c05 - Status: 304 - Response Time: 71ms
10:59:20 - GET /get-user-orders?userId=64ac67f274937927c7aa9c05 - Status: 304 - Response Time: 68ms
10:59:29 - GET /get-tables?loc=655e2e7c5a3d53943c6b7c53 - Status: 304 - Response Time: 271ms
10:59:44 - GET /get-tables?loc=655e2e7c5a3d53943c6b7c53 - Status: 304 - Response Time: 255ms
10:59:45 - GET /get-tables?loc=655e2e7c5a3d53943c6b7c53 - Status: 304 - Response Time: 286ms
10:59:55 - GET /get-tables?loc=655e2e7c5a3d53943c6b7c53 - Status: 304 - Response Time: 276ms
11:00:06 - GET /get-tables?loc=655e2e7c5a3d53943c6b7c53 - Status: 304 - Response Time: 260ms
11:09:01 - GET /get-tables?loc=655e2e7c5a3d53943c6b7c53 - Status: 304 - Response Time: 562ms
11:09:01 - GET /get-tables?loc=655e2e7c5a3d53943c6b7c53 - Status: 304 - Response Time: 326ms
11:09:04 - GET /get-tables?loc=655e2e7c5a3d53943c6b7c53 - Status: 304 - Response Time: 254ms
11:09:09 - GET /get-user-orders?userId=64ac67f274937927c7aa9c05 - Status: 304 - Response Time: 75ms
11:10:01 - GET /get-user-orders?userId=64ac67f274937927c7aa9c05 - Status: 304 - Response Time: 68ms
11:10:01 - GET /get-tables?loc=655e2e7c5a3d53943c6b7c53 - Status: 304 - Response Time: 254ms
11:10:04 - GET /get-user-orders?userId=64ac67f274937927c7aa9c05 - Status: 304 - Response Time: 70ms
11:10:06 - GET /get-user-orders?userId=64ac67f274937927c7aa9c05 - Status: 304 - Response Time: 64ms
11:10:06 - GET /get-user-orders?userId=64ac67f274937927c7aa9c05 - Status: 304 - Response Time: 66ms
11:10:09 - GET /get-tables?loc=655e2e7c5a3d53943c6b7c53 - Status: 304 - Response Time: 254ms
11:10:30 - GET /get-tables?loc=655e2e7c5a3d53943c6b7c53 - Status: 304 - Response Time: 263ms
11:10:30 - GET /get-tables?loc=655e2e7c5a3d53943c6b7c53 - Status: 304 - Response Time: 312ms
11:10:37 - GET /get-tables?loc=655e2e7c5a3d53943c6b7c53 - Status: 304 - Response Time: 281ms
11:10:49 - GET /get-user-orders?userId=64ac67f274937927c7aa9c05 - Status: 304 - Response Time: 73ms
11:11:00 - GET /get-user-orders?userId=64ac67f274937927c7aa9c05 - Status: 304 - Response Time: 67ms
11:11:01 - GET /get-tables?loc=655e2e7c5a3d53943c6b7c53 - Status: 304 - Response Time: 259ms
11:11:12 - GET /get-tables?loc=655e2e7c5a3d53943c6b7c53 - Status: 304 - Response Time: 322ms
11:11:35 - GET /get-tables?loc=655e2e7c5a3d53943c6b7c53 - Status: 304 - Response Time: 248ms
11:11:35 - GET /get-tables?loc=655e2e7c5a3d53943c6b7c53 - Status: 304 - Response Time: 195ms
11:11:42 - GET /get-user-orders?userId=64ac67f274937927c7aa9c05 - Status: 304 - Response Time: 65ms
11:13:20 - GET /get-tables?loc=655e2e7c5a3d53943c6b7c53 - Status: 304 - Response Time: 268ms
11:13:20 - GET /get-user-orders?userId=64ac67f274937927c7aa9c05 - Status: 304 - Response Time: 73ms
11:13:20 - GET /get-tables?loc=655e2e7c5a3d53943c6b7c53 - Status: 304 - Response Time: 366ms
11:13:49 - GET /get-tables?loc=655e2e7c5a3d53943c6b7c53 - Status: 304 - Response Time: 260ms
11:13:50 - GET /get-user-orders?userId=64ac67f274937927c7aa9c05 - Status: 304 - Response Time: 155ms
11:13:50 - GET /get-tables?loc=655e2e7c5a3d53943c6b7c53 - Status: 304 - Response Time: 339ms
11:13:51 - GET /get-user-orders?userId=64ac67f274937927c7aa9c05 - Status: 304 - Response Time: 75ms
11:13:51 - GET /get-tables?loc=655e2e7c5a3d53943c6b7c53 - Status: 304 - Response Time: 366ms
11:14:02 - GET /get-user-orders?userId=64ac67f274937927c7aa9c05 - Status: 304 - Response Time: 64ms
11:14:07 - GET /get-user-orders?userId=64ac67f274937927c7aa9c05 - Status: 304 - Response Time: 65ms
11:14:09 - GET /get-user-orders?userId=64ac67f274937927c7aa9c05 - Status: 304 - Response Time: 67ms
11:14:09 - GET /get-user-orders?userId=64ac67f274937927c7aa9c05 - Status: 304 - Response Time: 63ms
11:14:09 - GET /get-user-orders?userId=64ac67f274937927c7aa9c05 - Status: 304 - Response Time: 64ms
11:14:13 - GET /get-tables?loc=655e2e7c5a3d53943c6b7c53 - Status: 304 - Response Time: 251ms
11:16:05 - GET /get-tables?loc=655e2e7c5a3d53943c6b7c53 - Status: 304 - Response Time: 253ms
14:11:43 - GET /get-tables?loc=655e2e7c5a3d53943c6b7c53 - Status: 304 - Response Time: 288ms
14:12:07 - POST /get-orders - Status: 200 - Response Time: 131ms
14:12:10 - POST /get-orders - Status: 200 - Response Time: 140ms
14:12:10 - GET /get-tables?loc=655e2e7c5a3d53943c6b7c53 - Status: 304 - Response Time: 268ms
16:01:05 - GET /get-tables?loc=655e2e7c5a3d53943c6b7c53 - Status: 304 - Response Time: 283ms
16:01:06 - GET /get-tables?loc=655e2e7c5a3d53943c6b7c53 - Status: 304 - Response Time: 307ms
16:01:48 - GET /get-tables?loc=655e2e7c5a3d53943c6b7c53 - Status: 304 - Response Time: 263ms
16:01:48 - GET /get-tables?loc=655e2e7c5a3d53943c6b7c53 - Status: 304 - Response Time: 202ms
16:01:52 - GET /get-tables?loc=655e2e7c5a3d53943c6b7c53 - Status: 304 - Response Time: 262ms
16:01:52 - GET /get-tables?loc=655e2e7c5a3d53943c6b7c53 - Status: 304 - Response Time: 303ms
16:02:30 - GET /get-tables?loc=655e2e7c5a3d53943c6b7c53 - Status: 304 - Response Time: 266ms
16:02:31 - GET /get-tables?loc=655e2e7c5a3d53943c6b7c53 - Status: 304 - Response Time: 382ms
16:02:54 - GET /get-tables?loc=655e2e7c5a3d53943c6b7c53 - Status: 304 - Response Time: 262ms
16:02:54 - GET /get-tables?loc=655e2e7c5a3d53943c6b7c53 - Status: 304 - Response Time: 294ms
16:03:59 - GET /get-tables?loc=655e2e7c5a3d53943c6b7c53 - Status: 304 - Response Time: 274ms
16:04:00 - GET /get-tables?loc=655e2e7c5a3d53943c6b7c53 - Status: 304 - Response Time: 334ms
16:04:13 - GET /get-tables?loc=655e2e7c5a3d53943c6b7c53 - Status: 304 - Response Time: 253ms
16:04:13 - GET /get-tables?loc=655e2e7c5a3d53943c6b7c53 - Status: 304 - Response Time: 318ms
16:04:22 - GET /get-tables?loc=655e2e7c5a3d53943c6b7c53 - Status: 304 - Response Time: 268ms
16:04:22 - GET /get-tables?loc=655e2e7c5a3d53943c6b7c53 - Status: 304 - Response Time: 429ms
16:04:31 - GET /get-tables?loc=655e2e7c5a3d53943c6b7c53 - Status: 304 - Response Time: 267ms
16:04:32 - GET /get-tables?loc=655e2e7c5a3d53943c6b7c53 - Status: 304 - Response Time: 281ms
16:14:17 - GET /get-tables?loc=655e2e7c5a3d53943c6b7c53 - Status: 304 - Response Time: 260ms
16:14:17 - GET /get-tables?loc=655e2e7c5a3d53943c6b7c53 - Status: 304 - Response Time: 412ms
16:16:04 - GET /get-tables?loc=655e2e7c5a3d53943c6b7c53 - Status: 304 - Response Time: 258ms
16:16:05 - GET /get-tables?loc=655e2e7c5a3d53943c6b7c53 - Status: 304 - Response Time: 366ms
16:16:34 - GET /get-tables?loc=655e2e7c5a3d53943c6b7c53 - Status: 304 - Response Time: 261ms
16:16:35 - GET /get-tables?loc=655e2e7c5a3d53943c6b7c53 - Status: 304 - Response Time: 412ms
16:16:43 - GET /get-tables?loc=655e2e7c5a3d53943c6b7c53 - Status: 304 - Response Time: 252ms
16:16:45 - GET /get-tables?loc=655e2e7c5a3d53943c6b7c53 - Status: 304 - Response Time: 253ms
16:18:16 - GET /get-tables?loc=655e2e7c5a3d53943c6b7c53 - Status: 304 - Response Time: 276ms
16:18:28 - GET /get-tables?loc=655e2e7c5a3d53943c6b7c53 - Status: 304 - Response Time: 261ms
16:19:29 - GET /get-tables?loc=655e2e7c5a3d53943c6b7c53 - Status: 304 - Response Time: 270ms
16:19:30 - GET /get-tables?loc=655e2e7c5a3d53943c6b7c53 - Status: 304 - Response Time: 302ms
16:19:58 - GET /get-tables?loc=655e2e7c5a3d53943c6b7c53 - Status: 304 - Response Time: 273ms
16:19:59 - GET /get-tables?loc=655e2e7c5a3d53943c6b7c53 - Status: 304 - Response Time: 363ms
17:46:38 - GET /get-tables?loc=655e2e7c5a3d53943c6b7c53 - Status: 200 - Response Time: 436ms
17:46:52 - GET /get-user-orders?userId=64ac67f274937927c7aa9c05 - Status: 200 - Response Time: 297ms
17:46:53 - GET /get-user-orders?userId=64ac67f274937927c7aa9c05 - Status: 304 - Response Time: 143ms
17:46:55 - GET /get-tables?loc=655e2e7c5a3d53943c6b7c53 - Status: 304 - Response Time: 1328ms
17:46:59 - GET /get-user-orders?userId=64ac67f274937927c7aa9c05 - Status: 304 - Response Time: 56ms
17:47:56 - GET /get-user-orders?userId=64ac67f274937927c7aa9c05 - Status: 304 - Response Time: 56ms
17:47:59 - GET /get-user-orders?userId=64ac67f274937927c7aa9c05 - Status: 304 - Response Time: 57ms
17:47:59 - GET /get-user-orders?userId=64ac67f274937927c7aa9c05 - Status: 304 - Response Time: 56ms
17:48:01 - GET /get-user-orders?userId=64ac67f274937927c7aa9c05 - Status: 304 - Response Time: 114ms
17:48:02 - GET /get-user-orders?userId=64ac67f274937927c7aa9c05 - Status: 304 - Response Time: 55ms
17:48:06 - GET /get-user-orders?userId=64ac67f274937927c7aa9c05 - Status: 304 - Response Time: 56ms
17:48:11 - GET /get-user-orders?userId=64ac67f274937927c7aa9c05 - Status: 304 - Response Time: 60ms
17:49:07 - GET /get-user-orders?userId=64ac67f274937927c7aa9c05 - Status: 304 - Response Time: 59ms
17:49:10 - GET /get-tables?loc=655e2e7c5a3d53943c6b7c53 - Status: 200 - Response Time: 290ms
17:57:33 - GET /get-tables?loc=655e2e7c5a3d53943c6b7c53 - Status: 200 - Response Time: 262ms
18:07:28 - GET /get-tables?loc=655e2e7c5a3d53943c6b7c53 - Status: 200 - Response Time: 409ms
18:15:50 - GET /get-tables?loc=655e2e7c5a3d53943c6b7c53 - Status: 200 - Response Time: 257ms
18:26:01 - GET /get-tables?loc=655e2e7c5a3d53943c6b7c53 - Status: 200 - Response Time: 440ms
18:27:12 - GET /get-tables?loc=655e2e7c5a3d53943c6b7c53 - Status: 304 - Response Time: 298ms
18:31:16 - GET /get-tables?loc=655e2e7c5a3d53943c6b7c53 - Status: 200 - Response Time: 309ms
18:33:22 - GET /get-tables?loc=655e2e7c5a3d53943c6b7c53 - Status: 304 - Response Time: 378ms
18:39:10 - GET /get-tables?loc=655e2e7c5a3d53943c6b7c53 - Status: 304 - Response Time: 306ms
18:43:37 - GET /get-tables?loc=655e2e7c5a3d53943c6b7c53 - Status: 200 - Response Time: 351ms
18:45:06 - GET /get-tables?loc=655e2e7c5a3d53943c6b7c53 - Status: 304 - Response Time: 688ms
18:55:12 - GET /get-tables?loc=655e2e7c5a3d53943c6b7c53 - Status: 200 - Response Time: 410ms
19:05:33 - GET /get-tables?loc=655e2e7c5a3d53943c6b7c53 - Status: 200 - Response Time: 425ms
19:07:00 - GET /get-tables?loc=655e2e7c5a3d53943c6b7c53 - Status: 304 - Response Time: 513ms
19:07:01 - GET /get-tables?loc=655e2e7c5a3d53943c6b7c53 - Status: 304 - Response Time: 361ms
19:15:51 - GET /get-tables?loc=655e2e7c5a3d53943c6b7c53 - Status: 304 - Response Time: 500ms
19:15:53 - GET /get-tables?loc=655e2e7c5a3d53943c6b7c53 - Status: 304 - Response Time: 296ms
19:17:57 - GET /get-tables?loc=655e2e7c5a3d53943c6b7c53 - Status: 304 - Response Time: 447ms
19:18:00 - GET /get-tables?loc=655e2e7c5a3d53943c6b7c53 - Status: 304 - Response Time: 356ms
19:21:36 - GET /get-tables?loc=655e2e7c5a3d53943c6b7c53 - Status: 304 - Response Time: 392ms
19:21:38 - GET /get-tables?loc=655e2e7c5a3d53943c6b7c53 - Status: 304 - Response Time: 358ms
19:24:53 - GET /get-tables?loc=655e2e7c5a3d53943c6b7c53 - Status: 200 - Response Time: 370ms
19:38:05 - GET /get-user-orders?userId=64ac67f274937927c7aa9c05 - Status: 304 - Response Time: 58ms
19:38:07 - GET /get-user-orders?userId=64ac67f274937927c7aa9c05 - Status: 304 - Response Time: 56ms
19:38:08 - GET /get-user-orders?userId=64ac67f274937927c7aa9c05 - Status: 304 - Response Time: 184ms
19:38:08 - GET /get-user-orders?userId=64ac67f274937927c7aa9c05 - Status: 304 - Response Time: 299ms
19:38:09 - GET /get-user-orders?userId=64ac67f274937927c7aa9c05 - Status: 304 - Response Time: 177ms
19:38:15 - PUT / - Status: 200 - Response Time: 68ms
19:38:32 - PUT / - Status: 200 - Response Time: 61ms
19:38:40 - PUT / - Status: 200 - Response Time: 63ms
19:39:00 - PUT / - Status: 200 - Response Time: 71ms
19:43:54 - GET /get-tables?loc=655e2e7c5a3d53943c6b7c53 - Status: 200 - Response Time: 449ms
19:43:54 - GET /get-tables?loc=655e2e7c5a3d53943c6b7c53 - Status: 304 - Response Time: 345ms
19:44:06 - PUT / - Status: 200 - Response Time: 55ms
19:44:37 - PUT / - Status: 200 - Response Time: 66ms
19:44:48 - PUT / - Status: 200 - Response Time: 60ms
19:44:51 - PUT / - Status: 200 - Response Time: 58ms
19:45:09 - PUT / - Status: 200 - Response Time: 66ms
19:48:51 - POST /bill?index=6&billId=65ac00ea9db36b0e0ea1b2b8 - Status: 200 - Response Time: 133ms
19:50:31 - GET /get-tables?loc=655e2e7c5a3d53943c6b7c53 - Status: 200 - Response Time: 263ms
19:50:31 - GET /get-tables?loc=655e2e7c5a3d53943c6b7c53 - Status: 304 - Response Time: 482ms
19:50:33 - GET /get-tables?loc=655e2e7c5a3d53943c6b7c53 - Status: 304 - Response Time: 735ms
19:50:35 - POST /bill?index=6&billId=65ac00ea9db36b0e0ea1b2b8 - Status: 200 - Response Time: 131ms
19:51:01 - GET /get-tables?loc=655e2e7c5a3d53943c6b7c53 - Status: 200 - Response Time: 265ms
19:51:01 - GET /get-tables?loc=655e2e7c5a3d53943c6b7c53 - Status: 304 - Response Time: 342ms
19:51:28 - GET /get-tables?loc=655e2e7c5a3d53943c6b7c53 - Status: 304 - Response Time: 250ms
19:51:29 - GET /get-tables?loc=655e2e7c5a3d53943c6b7c53 - Status: 304 - Response Time: 371ms
19:51:32 - POST /bill?index=6&billId=65ac00ea9db36b0e0ea1b2b8 - Status: 200 - Response Time: 136ms
19:51:51 - GET /get-tables?loc=655e2e7c5a3d53943c6b7c53 - Status: 200 - Response Time: 246ms
19:51:51 - GET /get-tables?loc=655e2e7c5a3d53943c6b7c53 - Status: 304 - Response Time: 245ms
19:51:59 - GET /get-tables?loc=655e2e7c5a3d53943c6b7c53 - Status: 304 - Response Time: 239ms
19:51:59 - GET /get-tables?loc=655e2e7c5a3d53943c6b7c53 - Status: 304 - Response Time: 242ms
19:52:00 - GET /get-tables?loc=655e2e7c5a3d53943c6b7c53 - Status: 304 - Response Time: 187ms
19:52:02 - POST /bill?index=6&billId=65ac00ea9db36b0e0ea1b2b8 - Status: 200 - Response Time: 123ms
19:52:26 - GET /get-tables?loc=655e2e7c5a3d53943c6b7c53 - Status: 200 - Response Time: 262ms
19:52:26 - GET /get-tables?loc=655e2e7c5a3d53943c6b7c53 - Status: 304 - Response Time: 275ms
19:52:28 - POST /bill?index=6&billId=65ac00ea9db36b0e0ea1b2b8 - Status: 200 - Response Time: 125ms
19:52:57 - GET /get-tables?loc=655e2e7c5a3d53943c6b7c53 - Status: 200 - Response Time: 252ms
19:52:57 - GET /get-tables?loc=655e2e7c5a3d53943c6b7c53 - Status: 304 - Response Time: 272ms
19:53:10 - GET /get-tables?loc=655e2e7c5a3d53943c6b7c53 - Status: 304 - Response Time: 249ms
19:53:10 - GET /get-tables?loc=655e2e7c5a3d53943c6b7c53 - Status: 304 - Response Time: 341ms
19:53:11 - POST /bill?index=6&billId=65ac00ea9db36b0e0ea1b2b8 - Status: 200 - Response Time: 132ms
19:53:28 - GET /get-tables?loc=655e2e7c5a3d53943c6b7c53 - Status: 200 - Response Time: 235ms
19:53:29 - GET /get-tables?loc=655e2e7c5a3d53943c6b7c53 - Status: 304 - Response Time: 296ms
19:53:30 - POST /bill?index=6&billId=65ac00ea9db36b0e0ea1b2b8 - Status: 200 - Response Time: 125ms
19:55:13 - GET /get-tables?loc=655e2e7c5a3d53943c6b7c53 - Status: 200 - Response Time: 248ms
19:55:13 - GET /get-tables?loc=655e2e7c5a3d53943c6b7c53 - Status: 304 - Response Time: 432ms
19:55:28 - GET /get-tables?loc=655e2e7c5a3d53943c6b7c53 - Status: 200 - Response Time: 244ms
19:55:28 - GET /get-tables?loc=655e2e7c5a3d53943c6b7c53 - Status: 304 - Response Time: 257ms
19:55:29 - POST /bill?index=6&billId=65ac00ea9db36b0e0ea1b2b8 - Status: 200 - Response Time: 134ms
19:55:53 - GET /get-tables?loc=655e2e7c5a3d53943c6b7c53 - Status: 200 - Response Time: 250ms
19:55:53 - GET /get-tables?loc=655e2e7c5a3d53943c6b7c53 - Status: 304 - Response Time: 348ms
19:55:54 - POST /bill?index=6&billId=65ac00ea9db36b0e0ea1b2b8 - Status: 200 - Response Time: 133ms
19:59:37 - GET /get-tables?loc=655e2e7c5a3d53943c6b7c53 - Status: 200 - Response Time: 243ms
19:59:59 - GET /get-tables?loc=655e2e7c5a3d53943c6b7c53 - Status: 304 - Response Time: 255ms
20:00:08 - GET /get-tables?loc=655e2e7c5a3d53943c6b7c53 - Status: 304 - Response Time: 243ms
20:00:24 - GET /get-tables?loc=655e2e7c5a3d53943c6b7c53 - Status: 304 - Response Time: 243ms
20:00:28 - GET /get-tables?loc=655e2e7c5a3d53943c6b7c53 - Status: 304 - Response Time: 238ms
20:00:31 - GET /get-tables?loc=655e2e7c5a3d53943c6b7c53 - Status: 304 - Response Time: 248ms
20:09:51 - GET /get-tables?loc=655e2e7c5a3d53943c6b7c53 - Status: 304 - Response Time: 250ms
20:09:51 - GET /get-tables?loc=655e2e7c5a3d53943c6b7c53 - Status: 304 - Response Time: 271ms
20:10:41 - GET /get-tables?loc=655e2e7c5a3d53943c6b7c53 - Status: 304 - Response Time: 239ms
20:10:42 - GET /get-tables?loc=655e2e7c5a3d53943c6b7c53 - Status: 304 - Response Time: 326ms
20:11:29 - GET /get-tables?loc=655e2e7c5a3d53943c6b7c53 - Status: 304 - Response Time: 264ms
20:11:29 - GET /get-tables?loc=655e2e7c5a3d53943c6b7c53 - Status: 304 - Response Time: 661ms
20:17:53 - GET /get-tables?loc=655e2e7c5a3d53943c6b7c53 - Status: 200 - Response Time: 649ms
20:40:04 - GET /get-tables?loc=655e2e7c5a3d53943c6b7c53 - Status: 200 - Response Time: 800ms
20:40:04 - GET /get-tables?loc=655e2e7c5a3d53943c6b7c53 - Status: 304 - Response Time: 317ms
20:40:41 - GET /get-tables?loc=655e2e7c5a3d53943c6b7c53 - Status: 304 - Response Time: 252ms
20:40:43 - GET /get-tables?loc=655e2e7c5a3d53943c6b7c53 - Status: 304 - Response Time: 234ms
21:09:25 - GET /get-tables?loc=655e2e7c5a3d53943c6b7c53 - Status: 200 - Response Time: 273ms
21:11:04 - GET /get-tables?loc=655e2e7c5a3d53943c6b7c53 - Status: 304 - Response Time: 259ms
21:52:16 - GET /get-tables?loc=655e2e7c5a3d53943c6b7c53 - Status: 200 - Response Time: 195ms
21:52:17 - GET /get-tables?loc=655e2e7c5a3d53943c6b7c53 - Status: 304 - Response Time: 201ms
21:52:18 - GET /get-tables?loc=655e2e7c5a3d53943c6b7c53 - Status: 200 - Response Time: 195ms
