08:14:41  - TL^           ORA: 08:14   ,TL^ ,TL^ NUME:Alin MASA: *3*,TL^ ,TL^        -=- undefined -=-,TL^ ,TL^  1 X Latte-Brazilia Agua Lipa
08:15:12  - TL^           ORA: 08:15   ,TL^ ,TL^ NUME:Alin MASA: *3*,TL^ ,TL^        -=- undefined -=-,TL^ ,TL^  1 X Guatemala Tzkyn-250 g
21:08:12  - TL^           ORA: 21:08   ,TL^ ,TL^ NUME:Alin MASA: *56*,TL^ ,TL^        -=- INTERIOR -=-,TL^ ,TL^  1 X Double Espresso-Columbia Jairo Peach,TL^          +++ To Go ,TL^  1 X V60-Etiopia Gargary,TL^          +++ To Go ,TL^          +++ To Go 
21:08:13  - TL^           ORA: 21:08   ,TL^ ,TL^ NUME:Alin MASA: *56*,TL^ ,TL^        -=- INTERIOR -=-,TL^ ,TL^  1 X Chiabata Milan,TL^       -- 213123,TL^  1 X Cremina
22:25:58  - TL^           ORA: 22:25   ,TL^ ,TL^ NUME:Alin MASA: *56*,TL^ ,TL^        -=- INTERIOR -=-,TL^ ,TL^  1 X La Cotto e Mayo,TL^  1 X Cremina,TL^  1 X Chiabata Milan,TL^  1 X Del Boss
23:00:37  - TL^           ORA: 23:00   ,TL^ ,TL^ NUME:Alin MASA: *67*,TL^ ,TL^        -=- INTERIOR -=-,TL^ ,TL^  1 X Chiabata Milan,TL^  1 X Cremina,TL^  1 X La Cotto e Mayo,TL^  1 X Del Boss
23:04:19  - TL^           ORA: 23:04   ,TL^ ,TL^ NUME:Alin MASA: *67*,TL^ ,TL^        -=- INTERIOR -=-,TL^ ,TL^  1 X La Cotto e Mayo,TL^  1 X Del Boss,TL^  1 X Italiano
23:04:40  - TL^           ORA: 23:04   ,TL^ ,TL^ NUME:Alin MASA: *67*,TL^ ,TL^        -=- INTERIOR -=-,TL^ ,TL^  1 X Chiabata Milan
11:19:12  - TL^           ORA: 11:19   ,TL^ ,TL^ NUME:Alin MASA: *67*,TL^ ,TL^        -=- INTERIOR -=-,TL^ ,TL^  1 X Bacșis
11:23:20  - TL^           ORA: 11:23   ,TL^ ,TL^ NUME:Alin MASA: *67*,TL^ ,TL^        -=- INTERIOR -=-,TL^ ,TL^  1 X Bacșis
11:26:03  - TL^           ORA: 11:26   ,TL^ ,TL^ NUME:Alin MASA: *67*,TL^ ,TL^        -=- INTERIOR -=-,TL^ ,TL^  1 X Bacșis
16:50:37  - TL^           ORA: 16:50   ,TL^ ,TL^ NUME:Alin MASA: *67*,TL^ ,TL^        -=- INTERIOR -=-,TL^ ,TL^  1 X PAPUA NOUA GUINEE,TL^  1 X TRUE BLEND,TL^  1 X PAPUA NOUA GUINEE,TL^  1 X ETIOPIA BESHASHA
09:57:58  - TL^           ORA: 09:57   ,TL^ ,TL^ NUME:Alin MASA: *67*,TL^ ,TL^        -=- INTERIOR -=-,TL^ ,TL^  1 X Chiabata Milan,TL^  1 X Cremina
10:00:24  - TL^           ORA: 10:00   ,TL^ ,TL^ NUME:Alin MASA: *67*,TL^ ,TL^        -=- INTERIOR -=-,TL^ ,TL^  1 X Cozonac cu fistic și ciocolată albă,TL^  1 X Cozonac cu fistic și ciocolată albă
10:01:34  - TL^           ORA: 10:01   ,TL^ ,TL^ NUME:Alin MASA: *67*,TL^ ,TL^        -=- INTERIOR -=-,TL^ ,TL^  1 X Cozonac cu fistic și ciocolată albă
10:15:55  - TL^           ORA: 10:15   ,TL^ ,TL^ NUME:Alin MASA: *68*,TL^ ,TL^        -=- INTERIOR -=-,TL^ ,TL^  1 X Limonada cu Menta,TL^  1 X Suc proaspăt grapefruit,TL^  1 X Limonada cu Menta
10:17:38  - TL^           ORA: 10:17   ,TL^ ,TL^ NUME:Alin MASA: *67*,TL^ ,TL^        -=- INTERIOR -=-,TL^ ,TL^  1 X Crodino,TL^  1 X Campari Spritz,TL^  1 X Aperol Spritz
10:17:51  - TL^           ORA: 10:17   ,TL^ ,TL^ NUME:Alin MASA: *67*,TL^ ,TL^        -=- INTERIOR -=-,TL^ ,TL^  1 X Campari Spritz,TL^  1 X Crodino,TL^  1 X Campari Spritz,TL^  1 X Aperol Spritz,TL^  1 X Campari Spritz,TL^  1 X Crodino
11:02:50  - TL^           ORA: 11:02   ,TL^ ,TL^ NUME:Alin MASA: *68*,TL^ ,TL^        -=- INTERIOR -=-,TL^ ,TL^  1 X Campari Spritz,TL^  1 X Aperol Spritz,TL^  1 X Crodino
11:14:35  - TL^           ORA: 11:14   ,TL^ ,TL^ NUME:Alin MASA: *3*,TL^ ,TL^        -=- undefined -=-,TL^ ,TL^  1 X ESPRESSO DUBLU-Etiopia Beshasha,TL^  1 X ESPRESSO DUBLU-Nicaragua Pacamara
11:14:49  - TL^           ORA: 11:14   ,TL^ ,TL^ NUME:Alin MASA: *3*,TL^ ,TL^        -=- undefined -=-,TL^ ,TL^  1 X ESPRESSO DUBLU-Guatema Tzkyn,TL^  1 X Croissant cu nutela,TL^  1 X Croissant cu unt,TL^  1 X Croissant cu nutela
11:15:14  - TL^           ORA: 11:15   ,TL^ ,TL^ NUME:Alin MASA: *2*,TL^ ,TL^        -=- undefined -=-,TL^ ,TL^  1 X Long Black-Etiopia Beshasha,TL^  1 X ESPRESSO DUBLU-Guatema Tzkyn
11:15:19  - TL^           ORA: 11:15   ,TL^ ,TL^ NUME:Alin MASA: *3*,TL^ ,TL^        -=- undefined -=-,TL^ ,TL^  1 X Hot Brew-Papua Noua Guinee
11:15:26  - TL^           ORA: 11:15   ,TL^ ,TL^ NUME:Alin MASA: *1*,TL^ ,TL^        -=- undefined -=-,TL^ ,TL^  1 X Long Black-Decofeinizat
11:42:26  - TL^           ORA: 11:42   ,TL^ ,TL^ NUME:Alin MASA: *4*,TL^ ,TL^        -=- undefined -=-,TL^ ,TL^  1 X ESPRESSO DUBLU-Nicaragua Pacamara
11:42:32  - TL^           ORA: 11:42   ,TL^ ,TL^ NUME:Alin MASA: *5*,TL^ ,TL^        -=- undefined -=-,TL^ ,TL^  1 X ESPRESSO-Etiopia Beshasha
13:39:19  - TL^           ORA: 13:39   ,TL^ ,TL^ NUME:Alin MASA: *55*,TL^ ,TL^        -=- INTERIOR -=-,TL^ ,TL^  1 X Cremina,TL^  1 X Chiabata Milan
14:49:39  - TL^           ORA: 14:49   ,TL^ ,TL^ NUME:Alin MASA: *55*,TL^ ,TL^        -=- INTERIOR -=-,TL^ ,TL^  1 X Cozonac cu fistic și ciocolată albă
14:50:47  - TL^           ORA: 14:50   ,TL^ ,TL^ NUME:Alin MASA: *55*,TL^ ,TL^        -=- INTERIOR -=-,TL^ ,TL^  1 X Crodino,TL^  1 X Campari Spritz,TL^  1 X Crodino
