08:14:44  - S^Latte-Brazilia Agua Lipa^1400^1000^buc^3^1,ST^,P^1^1400
08:15:20  - S^Guatemala Tzkyn-250 g^7000^1000^buc^3^1,ST^,DV^1400,ST^,P^1^5600
20:59:55  - S^Double Espresso-Decofeinizat^1400^1000^buc^1^1,S^Double Espresso-Papua Noua Guinee^1600^1000^buc^1^1,S^Cold Brew^2000^1000^buc^1^1,S^Cappuccino Freddo-True Blend^2000^1000^buc^1^1,S^Cappuccino Freddo-Decofeinizat^2000^1000^buc^1^1,ST^,P^1^9000
21:00:13  - S^It's Avo Baby^3600^1000^buc^2^1,S^Toast cu Halloumi^3200^1000^buc^2^1,S^Salată cu Creveți^4200^1000^buc^2^1,S^Salată Baba Ganoush^3500^1000^buc^2^1,S^Toast cu Omletă^2600^1000^buc^2^1,S^It's Avo Baby^3600^1000^buc^2^1,S^Brioșă Englezească cu Ouă Benedict^2800^1000^buc^2^1,ST^,P^1^23500
21:00:20  - S^Salată Baba Ganoush^3500^1000^buc^2^1,S^Salată cu Creveți^4200^1000^buc^2^1,S^Folded Eggs with Truffle^3400^1000^buc^2^1,ST^,P^1^11100
21:00:31  - S^Tartă Summer Brezze^2600^1000^buc^2^1,S^Cozonac cu fistic și ciocolată albă^15500^1000^buc^undefined^1,S^Plăcintă cu Mere^2700^1000^buc^2^1,S^Brioșă Englezească cu Ouă Benedict^2800^1000^buc^2^1,S^Cozonac cu fistic și ciocolată albă^15500^1000^buc^undefined^1,S^Cozonac cu fistic și ciocolată albă^15500^1000^buc^undefined^1,ST^,P^1^54600
21:00:39  - S^Salată cu Creveți^4200^1000^buc^2^1,S^Salată Caesar^3700^1000^buc^2^1,S^Espresso Freddo-True Blend^1600^1000^buc^1^1,S^Espresso Tonic-Decofeinizat^1800^1000^buc^1^1,ST^,P^1^11300
21:00:46  - S^Limonadă Simplă^1500^1000^buc^2^1,S^Limonadă cu mentă și ghimbir^1800^1000^buc^2^1,ST^,P^1^3300
21:00:53  - S^Hummus cu Salsa de Roșii^3700^1000^buc^2^1,S^Salată Baba Ganoush^3500^1000^buc^2^1,S^Salată Caesar^3700^1000^buc^2^1,ST^,P^1^10900
21:00:58  - S^Lava Cake^2500^1000^buc^2^1,S^Cozonac cu nucă, rom și cacao^9500^1000^buc^undefined^1,S^Cozonac cu fistic și ciocolată albă^15500^1000^buc^undefined^1,ST^,P^1^27500
21:03:41  - S^Toast cu Omletă^2600^1000^buc^2^1,S^Toast cu Hummus^3000^1000^buc^2^1,S^Folded Eggs with Truffle^3400^1000^buc^2^1,S^Folded Eggs with Truffle^3400^1000^buc^2^1,S^It's Avo Baby^3600^1000^buc^2^1,S^Brioșă Englezească Florentine^3100^1000^buc^2^1,S^It's Avo Baby^3600^1000^buc^2^1,S^Toast cu Halloumi^3200^1000^buc^2^1,ST^,P^1^25900
21:26:03  - S^Folded Eggs with Truffle^3400^1000^buc^2^1,S^Brioșă Englezească cu Ouă Benedict^2800^1000^buc^2^1,ST^,P^1^6200
22:24:41  - S^Paste cu Creveți^3900^1000^buc^2^1,S^Paste Carbonara^3800^1000^buc^2^1,S^Ambalaj^200^2000^buc^1^1,ST^,DV^810,ST^,DV^450,ST^,P^1^6840.000000000001
22:25:07  - S^Salată cu Creveți^4200^1000^buc^2^1,S^Salată Baba Ganoush^3500^1000^buc^2^1,S^Hummus cu Salsa de Roșii^3700^1000^buc^2^1,S^Hummus cu Legume la Tigaie^3800^1000^buc^2^1,S^Salată Baba Ganoush^3500^1000^buc^2^1,S^Hummus cu Salsa de Roșii^3700^1000^buc^2^1,S^Cozonac cu fistic și ciocolată albă^15500^1000^buc^undefined^1,ST^,DV^3790,ST^,P^1^34110
23:00:24  - S^La Cotto e Mayo^3000^1000^buc^2^1,S^Cremina^2900^1000^buc^2^1,S^Chiabata Milan^850^1000^buc^2^1,S^Del Boss^3700^1000^buc^2^1,ST^,DV^1045,ST^,DV^2047.5000000000002,ST^,P^1^7357.499999999999
23:04:30  - S^Focaccia Simpla^600^1000^buc^2^1,S^La Cotto e Mayo^3000^1000^buc^2^1,S^Del Boss^3700^1000^buc^2^1,S^La Cotto e Mayo^3000^1000^buc^2^1,S^Del Boss^3700^1000^buc^2^1,S^Italiano^2500^1000^buc^2^1,ST^,DV^875,ST^,P^1^15625
15:49:35  - S^Chiabata Milan^850^1000^buc^2^1,S^Focaccia Simpla^600^1000^buc^2^1,S^Chiabata Milan^850^1000^buc^2^1,ST^,DV^300,ST^,P^1^2000
12:30:34  - S^Americano-Nicaragua Pacamara^1100^1000^buc^3^1,ST^
12:39:35  - S^Americano-Nicaragua Pacamara^1100^1000^buc^3^1,ST^
12:40:20  - S^Americano-Nicaragua Pacamara^1100^1000^buc^3^1,ST^
12:49:08  - S^Limonadă-Simpla^1400^1000^buc^3^1,S^Ciocolata-Neagră lichidă^1600^1000^buc^3^1,ST^,P^2^3000
10:15:59  - S^Limonada cu Menta^1800^1000^buc^2^1,S^Suc proaspăt grapefruit^2000^1000^buc^2^1,S^Limonada cu Menta^1800^1000^buc^2^1,ST^,P^1^5600
10:16:40  - S^Chiabata Milan^850^1000^buc^2^1,S^Cremina^2900^1000^buc^2^1,S^Cozonac cu fistic și ciocolată albă^15500^1000^buc^undefined^1,S^Cozonac cu fistic și ciocolată albă^15500^1000^buc^undefined^1,S^Cozonac cu fistic și ciocolată albă^15500^1000^buc^undefined^1,ST^,P^1^50250
10:16:49  - S^Mic Dejun Turcesc^2900^1000^buc^2^1,S^Mic Dejun Turcesc^2900^1000^buc^2^1,S^Mic Dejun Turcesc^2900^1000^buc^2^1,S^Mic Dejun Turcesc^2900^1000^buc^2^1,S^Mic Dejun Turcesc^2900^2000^buc^2^1,S^Mic Dejun Turcesc^2900^2000^buc^2^1,S^Mic Dejun Turcesc^2900^1000^buc^2^1,S^Mic Dejun Turcesc^2900^1000^buc^2^1,ST^,P^1^29000
10:17:01  - S^Mic Dejun Turcesc^2900^1000^buc^2^1,S^Cartofi Răzuiți^3300^1000^buc^2^1,S^Shakshouka^3200^1000^buc^2^1,S^Eggscelent Morning^0^1000^buc^2^1,S^Tips^1880^1000^buc^3^2,ST^,P^1^11280
10:17:19  - S^Mic Dejun Turcesc^2900^1000^buc^2^1,S^Mic Dejun Turcesc^2900^1000^buc^2^1,S^Cartofi Răzuiți^3300^1000^buc^2^1,S^Shakshouka^3200^1000^buc^2^1,S^Eggscelent Morning^900^1000^buc^2^1,TL^    +Bacon / 50 g,ST^,P^1^13200
10:17:26  - S^Mic Dejun Turcesc^2900^1000^buc^2^1,S^Granola Bol^2600^1000^buc^2^1,S^Mic Dejun Turcesc^2900^1000^buc^2^1,S^Cartofi Răzuiți^3300^1000^buc^2^1,S^Granola Bol^2600^1000^buc^2^1,ST^,P^1^14300
10:17:41  - S^Crodino^2000^1000^buc^2^1,S^Campari Spritz^2900^1000^buc^2^1,S^Aperol Spritz^2900^1000^buc^1^1,ST^,P^1^7800
10:17:57  - S^Campari Spritz^2900^1000^buc^2^1,S^Crodino^2000^1000^buc^2^1,S^Campari Spritz^2900^1000^buc^2^1,S^Aperol Spritz^2900^1000^buc^1^1,S^Campari Spritz^2900^1000^buc^2^1,S^Crodino^2000^1000^buc^2^1,ST^,P^1^15600
10:55:10  - S^Salată Baba Ganoush^3500^1000^buc^2^1,S^Salată cu Creveți^4200^1000^buc^2^1,S^Hummus cu Legume la Tigaie^3800^1000^buc^2^1,ST^,P^1^11500
11:02:53  - S^Campari Spritz^2900^1000^buc^2^1,S^Aperol Spritz^2900^1000^buc^1^1,S^Crodino^2000^1000^buc^2^1,ST^,P^1^7800
11:14:41  - S^ESPRESSO DUBLU-Etiopia Beshasha^1500^1000^buc^3^1,S^ESPRESSO DUBLU-Nicaragua Pacamara^1500^1000^buc^3^1,ST^,P^1^3000
11:14:52  - S^ESPRESSO DUBLU-Guatema Tzkyn^1400^1000^buc^3^1,S^Croissant cu nutela^600^1000^buc^3^1,S^Croissant cu unt^400^1000^buc^3^1,S^Croissant cu nutela^600^1000^buc^3^1,ST^,P^1^3000
16:07:23  - S^It's Avo Baby^3600^1000^buc^2^1,S^It's Avo Baby^3600^1000^buc^2^1,S^Brioșă Englezească cu Ouă Benedict^2800^1000^buc^2^1,S^Toast cu Omletă^2600^1000^buc^2^1,S^Tips^2301^1000^buc^3^2,ST^,P^1^17642.999999999996
13:11:33  - S^Salată Caesar^3700^1000^buc^2^1,S^Salată cu Creveți^4200^1000^buc^2^1,S^Ambalaj^200^2000^buc^1^1,ST^,DV^4150,ST^,P^1^4150
13:11:39  - S^Salată Caesar^3700^1000^buc^2^1,S^Salată cu Creveți^4200^1000^buc^2^1,S^Ambalaj^200^2000^buc^1^1,ST^,DV^4150,ST^,P^1^4150
13:11:45  - S^Salată Caesar^3700^1000^buc^2^1,S^Salată cu Creveți^4200^1000^buc^2^1,S^Ambalaj^200^2000^buc^1^1,ST^,DV^4150,ST^,P^1^4150
13:11:52  - S^Salată Caesar^3700^1000^buc^2^1,S^Salată cu Creveți^4200^1000^buc^2^1,S^Ambalaj^200^2000^buc^1^1,ST^,DV^4150,ST^,P^1^4150
13:11:58  - S^Salată Caesar^3700^1000^buc^2^1,S^Salată cu Creveți^4200^1000^buc^2^1,S^Ambalaj^200^2000^buc^1^1,ST^,DV^4150,ST^,P^1^4150
13:13:21  - S^Salată Caesar^3700^1000^buc^2^1,S^Ambalaj^200^1000^buc^1^1,ST^,DV^1950,ST^,P^1^1950
14:47:54  - S^Paste cu Zucchini Ciuperci și Roșii Cherry^3300^1000^buc^2^1,S^Lasagna^2500^1000^buc^2^1,S^Risotto cu Ciuperci și Parmezan^3800^1000^buc^2^1,S^Risotto cu Ciuperci și Parmezan^3800^1000^buc^2^1,S^Tips^1440^1000^buc^3^2,ST^,P^1^14840
14:49:42  - S^Cozonac cu fistic și ciocolată albă^15500^1000^buc^undefined^1,ST^,P^1^15500
14:50:49  - S^Crodino^2000^1000^buc^2^1,S^Campari Spritz^2900^1000^buc^2^1,S^Crodino^2000^1000^buc^2^1,ST^,P^1^6900
14:53:37  - S^Paste cu Zucchini Ciuperci și Roșii Cherry^3300^1000^buc^2^1,S^Lasagna^2500^1000^buc^2^1,S^Risotto cu Ciuperci și Parmezan^3800^1000^buc^2^1,ST^,P^1^9600
14:54:24  - S^Salată Baba Ganoush^3500^1000^buc^2^1,S^Hummus cu Salsa de Roșii^3700^1000^buc^2^1,S^Salată Baba Ganoush^3500^1000^buc^2^1,S^Tips^2140^1000^buc^3^2,ST^,P^1^12840
18:08:21  - S^Blossom Tonic -True Blend^2200^1000^buc^1^1,S^Espresso Tonic-True Blend^1800^1000^buc^1^1,S^Limonada cu mango si busuioc^2000^1000^buc^2^1,S^Limonada cu Menta^1800^1000^buc^2^1,S^Hummus cu Salsa de Roșii^3700^1000^buc^2^1,S^Tips^2300^1000^buc^3^2,ST^,P^1^13800
18:09:02  - S^Limonadă Simplă^1500^1000^buc^2^1,S^Gustoso^3600^1000^buc^2^1,S^Gustoso^3600^1000^buc^2^1,S^Limonada cu mango si busuioc^2000^1000^buc^2^1,S^Loaded Shrimps Fries^3500^1000^buc^2^1,S^Tips^2840^1000^buc^3^2,ST^,P^1^17040
18:09:27  - S^Limonadă cu mentă și ghimbir^1800^1000^buc^2^1,S^Gourmet^3000^1000^buc^2^1,S^Tips^480^1000^buc^3^2,ST^,P^1^5280
18:09:45  - S^Limonada cu mango si busuioc^2000^1000^buc^2^1,S^Limonada cu Menta^1800^1000^buc^2^1,S^Suc proaspăt grapefruit^2000^1000^buc^2^1,S^Limonada cu Lavandă^1800^1000^buc^2^1,S^Limonadă cu mentă și ghimbir^1800^1000^buc^2^1,S^Limonadă Simplă^1500^1000^buc^2^1,S^Suc proaspăt portocale și grapefruit^2000^1000^buc^2^1,S^Suc proaspăt de portocale^2000^1000^buc^2^1,S^Tips^2980^1000^buc^3^2,ST^,P^1^17880
18:10:03  - S^Gustoso^3600^1000^buc^2^1,S^Tips^720^1000^buc^3^2,ST^,P^1^4320
18:10:18  - S^Limonada cu mango si busuioc^2000^1000^buc^2^1,S^Tips^200^1000^buc^3^2,ST^,P^1^2200
18:10:37  - S^Limonada cu mango si busuioc^2000^1000^buc^2^1,S^Tips^400^1000^buc^3^2,ST^,P^1^2400
18:10:54  - S^Pain au Chocolat^1700^1000^buc^2^1,S^Tips^340^1000^buc^3^2,ST^,P^1^2039.9999999999998
18:11:13  - S^New York Rolls-Vanilie și cireșe^2700^1000^buc^1^1,ST^,P^1^2700
18:12:26  - S^Cremina^2900^1000^buc^2^1,S^Chiabata Milan^850^1000^buc^2^1,ST^,DV^1875,ST^,P^1^1875
18:12:34  - S^Salată cu Creveți^4200^1000^buc^2^1,S^Salată Caesar^3700^1000^buc^2^1,S^Ambalaj^200^2000^buc^1^1,ST^,DV^4150,ST^,P^1^4150
18:12:41  - S^Salată Caesar^3700^1000^buc^2^1,S^Salată cu Creveți^4200^1000^buc^2^1,S^Ambalaj^200^2000^buc^1^1,ST^,DV^4150,ST^,P^1^4150
18:12:53  - S^Salată Caesar^3700^1000^buc^2^1,S^Salată cu Creveți^4200^1000^buc^2^1,S^Ambalaj^200^2000^buc^1^1,ST^,DV^4150,ST^,P^1^4150
18:19:30  - S^Campari Spritz^2900^1000^buc^2^1,S^Crodino^2000^1000^buc^2^1,S^Campari Spritz^2900^1000^buc^2^1,ST^,P^1^7800
18:24:27  - S^ESPRESSO-Etiopia Beshasha^1100^1000^buc^3^1,ST^,P^1^1100
18:24:33  - S^ESPRESSO DUBLU-Nicaragua Pacamara^1500^1000^buc^3^1,ST^,P^1^1500
18:24:41  - S^Hot Brew-Papua Noua Guinee^1800^1000^buc^3^1,ST^,P^1^1800
18:24:47  - S^Long Black-Etiopia Beshasha^1500^1000^buc^3^1,S^ESPRESSO DUBLU-Guatema Tzkyn^1400^1000^buc^3^1,ST^,P^1^2900
18:24:52  - S^Long Black-Decofeinizat^1300^1000^buc^3^1,ST^,P^1^1300
18:25:17  - S^Americano-Brazilia Agua Lipa^800^1000^buc^3^1,ST^,P^1^800
18:25:37  - S^Americano-Nicaragua Pacamara^1100^1000^buc^3^1,ST^,P^1^1100
18:25:53  - S^ESPRESSO DUBLU-Nicaragua Pacamara^1500^1000^buc^3^1,S^ESPRESSO-Etiopia Beshasha^1100^1000^buc^3^1,ST^,P^1^2600
18:26:11  - S^Latte-Papua Noua Guinee^1600^1000^buc^3^1,S^Flat White-Papua Noua Guinee^1800^1000^buc^3^1,ST^,P^2^3400
18:27:05  - S^ESPRESSO-Nicaragua Pacanara^1100^1000^buc^3^1,S^Long Black-Columbia Jairo^1600^1000^buc^3^1,ST^,P^1^2700
18:39:50  - S^Love Cocoa-Gingerbread^2500^1000^buc^2^1,S^Otherly-Sea Salt^2500^1000^buc^2^1,S^TRUE BLEND^6000^1000^buc^2^1,ST^,P^1^11000
15:01:30  - S^Pahar fluta^900^102000^buc^3^1,S^Pahar Vin^900^102000^buc^3^1,ST^,P^1^183600
8:01:48 AM  - S^Americano-Brazilia Agua Lipa^800^1000^buc^3^1,ST^,DV^80,ST^,P^1^720
