12:26:46  - [object Object]
12:34:08  - {"time":"12:34","name":"Alin Spinu","position":"Manager","masa":20,"products":[{"name":"It's Avo Baby","qty":1,"toppings":[],"comment":""},{"name":"Toast cu Omletă","qty":1,"toppings":[],"comment":""}]}
16:15:18  - {"time":"16:15","name":"Alin Spinu","position":"Manager","masa":54,"products":[{"name":"Paste Carbonara","qty":1,"toppings":[]},{"name":"Paste cu Creveți","qty":1,"toppings":[]}]}
16:25:34  - {"time":"16:25","name":"Alin Spinu","position":"Manager","masa":54,"products":[{"name":"Paste Carbonara","qty":1,"toppings":[]},{"name":"Paste cu Creveți","qty":1,"toppings":[]}]}
17:03:27  - {"time":"17:03","name":"Alin Spinu","position":"Manager","masa":54,"products":[{"name":"Paste cu Creveți","qty":1,"toppings":[]},{"name":"Paste Carbonara","qty":1,"toppings":[]}]}
17:06:44  - {"time":"17:06","name":"Alin Spinu","position":"Manager","masa":54,"products":[{"name":"Paste cu Creveți","qty":1,"toppings":[]},{"name":"Paste Carbonara","qty":1,"toppings":[]},{"name":"Paste cu Zucchini Ciuperci și Roșii Cherry","qty":1,"toppings":[]}]}
17:16:36  - {"time":"17:16","name":"Alin Spinu","position":"Manager","masa":54,"products":[{"name":"Focaccia Simpla","qty":1,"toppings":[]}]}
17:22:03  - {"time":"17:22","name":"Alin Spinu","position":"Manager","masa":54,"products":[{"name":"Paste Carbonara","qty":1,"toppings":[]},{"name":"Paste cu Creveți","qty":1,"toppings":[]}]}
19:07:00  - {"time":"19:07","name":"Alin Spinu","position":"Manager","masa":54,"products":[{"name":"Salată Caesar","qty":1,"toppings":[]},{"name":"Salată cu Creveți","qty":1,"toppings":[]},{"name":"Salată Baba Ganoush","qty":1,"toppings":[]}]}
19:10:37  - {"time":"19:10","name":"Alin Spinu","position":"Manager","masa":54,"products":[{"name":"Salată Caesar","qty":1,"toppings":[]},{"name":"Salată cu Creveți","qty":1,"toppings":[]},{"name":"Salată Baba Ganoush","qty":1,"toppings":[]},{"name":"Hummus cu Salsa de Roșii","qty":1,"toppings":[]}]}
19:20:50  - {"time":"19:20","name":"Alin Spinu","position":"Manager","masa":54,"products":[{"name":"Mic Dejun Turcesc","qty":1,"toppings":[]},{"name":"Cartofi Răzuiți","qty":1,"toppings":[]}]}
19:27:48  - {"time":"19:27","name":"Alin Spinu","position":"Manager","masa":54,"products":[{"name":"Mic Dejun Turcesc","qty":1,"toppings":[]},{"name":"Cartofi Răzuiți","qty":1,"toppings":[]},{"name":"Shakshouka","qty":1,"toppings":[]}]}
19:51:48  - {"time":"19:51","name":"Alin Spinu","position":"Manager","masa":54,"products":[{"name":"Salată cu Creveți","qty":7,"toppings":[]},{"name":"Salată Caesar","qty":1,"toppings":[]}]}
20:05:34  - {"time":"20:05","name":"Alin Spinu","position":"Manager","masa":54,"products":[{"name":"Salată Caesar","qty":1,"toppings":[]},{"name":"Salată cu Creveți","qty":1,"toppings":[]},{"name":"Salată Baba Ganoush","qty":1,"toppings":[]},{"name":"Hummus cu Salsa de Roșii","qty":1,"toppings":[]}]}
20:06:48  - {"time":"20:06","name":"Alin Spinu","position":"Manager","masa":54,"products":[{"name":"Salată Baba Ganoush","qty":1,"toppings":[]},{"name":"Hummus cu Salsa de Roșii","qty":1,"toppings":[]}]}
20:07:54  - {"time":"20:07","name":"Alin Spinu","position":"Manager","masa":54,"products":[{"name":"Lasagna","qty":1,"toppings":[],"comment":""},{"name":"Lasagna","qty":1,"toppings":[],"comment":""}]}
20:19:21  - {"time":"20:19","name":"Alin Spinu","position":"Manager","masa":54,"products":[{"name":"Salată cu Creveți","qty":1,"toppings":[]},{"name":"Salată Baba Ganoush","qty":1,"toppings":[]}]}
20:45:04  - {"time":"20:45","name":"Alin Spinu","position":"Manager","masa":54,"products":[{"name":"Salată Caesar","qty":1,"toppings":[]},{"name":"Salată cu Creveți","qty":1,"toppings":[]},{"name":"Salată Baba Ganoush","qty":1,"toppings":[]}]}
00:18:34  - {"time":"00:18","name":"Alin Spinu","position":"Manager","masa":54,"products":[{"name":"Salată Caesar","qty":1,"toppings":[]},{"name":"Salată cu Creveți","qty":1,"toppings":[]},{"name":"Salată Baba Ganoush","qty":1,"toppings":[]},{"name":"Hummus cu Salsa de Roșii","qty":1,"toppings":[]}]}
00:25:07  - {"time":"00:25","name":"Alin Spinu","position":"Manager","masa":54,"products":[{"name":"Paste Carbonara","qty":1,"toppings":[]},{"name":"Paste cu Creveți","qty":1,"toppings":[]}]}
